<?xml version="1.0" encoding="UTF-8"?>
<testsuite xmlns:xsi="http://www.w3.org/2001/XMLSchema-instance" xsi:noNamespaceSchemaLocation="https://maven.apache.org/surefire/maven-surefire-plugin/xsd/surefire-test-report.xsd" name="Controllers.ApplicationTest" time="7.054" tests="3" errors="0" skipped="0" failures="3">
  <properties>
[...]
</properties>
  <testcase name="homePage" classname="Controllers.ApplicationTest" time="0.347">
    <failure message="Response content&#10;Expected: a string containing &quot;Get your greeting&quot;&#10;     but: was &quot;&lt;!DOCTYPE HTML&gt;&#10;&lt;html ng-app=&quot;app&quot;&gt;&#10;&lt;head&gt;&#10;    &lt;title&gt;Star Wars Characters&lt;/title&gt;&#10;    &lt;meta http-equiv=&quot;Content-Type&quot; content=&quot;text/html; charset=UTF-8&quot;/&gt;&#10;    &lt;script src=&quot;https://ajax.googleapis.com/ajax/libs/jquery/1.10.2/jquery.min.js&quot;&gt;&lt;/script&gt;&#10;    &lt;script&#10;            src=&quot;https://ajax.googleapis.com/ajax/libs/angularjs/1.5.6/angular.min.js&quot;&gt;&#10;    &lt;/script&gt;&#10;&#10;    &lt;script src=&quot;js/app.js&quot;&gt;&lt;/script&gt;&#10;    &lt;link href=&quot;http://netdna.bootstrapcdn.com/bootstrap/3.1.0/css/bootstrap.min.css&quot; rel=&quot;stylesheet&quot;&gt;&#10;    &lt;!-- &lt;script src=&quot;https://ajax.googleapis.com/ajax/libs/jquery/3.3.1/jquery.min.js&quot;&gt;&lt;/script&gt;--&gt;&#10;    &lt;script src=&quot;http://netdna.bootstrapcdn.com/bootstrap/3.1.0/js/bootstrap.min.js&quot;&gt;&lt;/script&gt;&#10;&#10;    &lt;style&gt;&#10;        tr:hover{&#10;            cursor: pointer;&#10;        }&#10;        .heart {&#10;            color:red;&#10;        }&#10;    &lt;/style&gt;&#10;&lt;/head&gt;&#10;&lt;body&gt;&#10;&lt;div class=&quot;container&quot;&gt;&#10;&lt;div ng-controller=&quot;StarWarsCRUDCtrl&quot; data-ng-init=&quot;getAllCharacters()&quot;&gt;&#10;&#10;&#10;    &lt;br /&gt; &lt;br /&gt;&#10;    &lt;p style=&quot;color: green&quot;&gt;{{message}}&lt;/p&gt;&#10;    &lt;p style=&quot;color: red&quot;&gt;{{errorMessage}}&lt;/p&gt;&#10;&#10;    &lt;br /&gt;&#10;    &lt;br /&gt;&#10;    &lt;button ng-click=&quot;getAllCharacters()&quot; type=&quot;button&quot; class=&quot;btn btn-default btn-sm&quot;&gt;&lt;span class=&quot;glyphicon glyphicon-refresh&quot;&gt;&lt;/span&gt;Refresh&lt;/button&gt;&lt;br /&gt;&#10;    &lt;br /&gt;&#10;    &lt;table class=&quot;table table-bordered&quot;&gt;&#10;        &lt;thead&gt;&#10;        &lt;tr&gt;&#10;            &lt;th&gt;Name&lt;/th&gt;&#10;            &lt;th&gt;Gender&lt;/th&gt;&#10;            &lt;th&gt;Eye Color&lt;/th&gt;&#10;            &lt;th&gt;Birth Year&lt;/th&gt;&#10;        &lt;/tr&gt;&#10;        &lt;/thead&gt;&#10;        &lt;tbody&gt;&#10;        &lt;!-- ng-click=&quot;goToDetails(char) --&gt;&#10;        &lt;tr    ng-repeat=&quot;character in characters&quot;  ng-click=&quot;goToDetails(character)&quot;&gt;&#10;            &lt;td&gt;{{character.name}}  &lt;span ng-if=&quot;character.favourite==&apos;1&apos;&quot; class=&quot;glyphicon glyphicon-heart heart fa fa-heart-o&quot;&gt;&lt;/span&gt; &lt;/td&gt;&#10;            &lt;td&gt;{{character.gender}}&lt;/td&gt;&#10;            &lt;td&gt;{{character.eye_color}}&lt;/td&gt;&#10;            &lt;td&gt;{{character.birth_year}}&lt;/td&gt;&#10;        &lt;/tr&gt;&#10;        &lt;/tbody&gt;&#10;    &lt;/table&gt;&#10;&#10;&lt;/div&gt;&#10;&lt;/div&gt;&#10;&lt;/body&gt;&#10;&#10;&lt;/html&gt;&quot;" type="java.lang.AssertionError"><![CDATA[java.lang.AssertionError: 
Response content
Expected: a string containing "Get your greeting"
     but: was "<!DOCTYPE HTML>
<html ng-app="app">
<head>
    <title>Star Wars Characters</title>
    <meta http-equiv="Content-Type" content="text/html; charset=UTF-8"/>
    <script src="https://ajax.googleapis.com/ajax/libs/jquery/1.10.2/jquery.min.js"></script>
    <script
            src="https://ajax.googleapis.com/ajax/libs/angularjs/1.5.6/angular.min.js">
    </script>

    <script src="js/app.js"></script>
    <link href="http://netdna.bootstrapcdn.com/bootstrap/3.1.0/css/bootstrap.min.css" rel="stylesheet">
    <!-- <script src="https://ajax.googleapis.com/ajax/libs/jquery/3.3.1/jquery.min.js"></script>-->
    <script src="http://netdna.bootstrapcdn.com/bootstrap/3.1.0/js/bootstrap.min.js"></script>

    <style>
        tr:hover{
            cursor: pointer;
        }
        .heart {
            color:red;
        }
    </style>
</head>
<body>
<div class="container">
<div ng-controller="StarWarsCRUDCtrl" data-ng-init="getAllCharacters()">


    <br /> <br />
    <p style="color: green">{{message}}</p>
    <p style="color: red">{{errorMessage}}</p>

    <br />
    <br />
    <button ng-click="getAllCharacters()" type="button" class="btn btn-default btn-sm"><span class="glyphicon glyphicon-refresh"></span>Refresh</button><br />
    <br />
    <table class="table table-bordered">
        <thead>
        <tr>
            <th>Name</th>
            <th>Gender</th>
            <th>Eye Color</th>
            <th>Birth Year</th>
        </tr>
        </thead>
        <tbody>
        <!-- ng-click="goToDetails(char) -->
        <tr    ng-repeat="character in characters"  ng-click="goToDetails(character)">
            <td>{{character.name}}  <span ng-if="character.favourite=='1'" class="glyphicon glyphicon-heart heart fa fa-heart-o"></span> </td>
            <td>{{character.gender}}</td>
            <td>{{character.eye_color}}</td>
            <td>{{character.birth_year}}</td>
        </tr>
        </tbody>
    </table>

</div>
</div>
</body>

</html>"
	at Controllers.ApplicationTest.homePage(ApplicationTest.java:41)
]]></failure>
    <system-out><![CDATA[01:12:32.674 [main] DEBUG org.springframework.test.context.junit4.SpringJUnit4ClassRunner - SpringJUnit4ClassRunner constructor called with [class Controllers.ApplicationTest]
01:12:32.682 [main] DEBUG org.springframework.test.context.BootstrapUtils - Instantiating CacheAwareContextLoaderDelegate from class [org.springframework.test.context.cache.DefaultCacheAwareContextLoaderDelegate]
01:12:32.698 [main] DEBUG org.springframework.test.context.BootstrapUtils - Instantiating BootstrapContext using constructor [public org.springframework.test.context.support.DefaultBootstrapContext(java.lang.Class,org.springframework.test.context.CacheAwareContextLoaderDelegate)]
01:12:32.735 [main] DEBUG org.springframework.test.context.BootstrapUtils - Instantiating TestContextBootstrapper for test class [Controllers.ApplicationTest] from class [org.springframework.boot.test.autoconfigure.web.servlet.WebMvcTestContextBootstrapper]
01:12:32.774 [main] INFO org.springframework.boot.test.autoconfigure.web.servlet.WebMvcTestContextBootstrapper - Neither @ContextConfiguration nor @ContextHierarchy found for test class [Controllers.ApplicationTest], using SpringBootContextLoader
01:12:32.782 [main] DEBUG org.springframework.test.context.support.AbstractContextLoader - Did not detect default resource location for test class [Controllers.ApplicationTest]: class path resource [Controllers/ApplicationTest-context.xml] does not exist
01:12:32.782 [main] DEBUG org.springframework.test.context.support.AbstractContextLoader - Did not detect default resource location for test class [Controllers.ApplicationTest]: class path resource [Controllers/ApplicationTestContext.groovy] does not exist
01:12:32.782 [main] INFO org.springframework.test.context.support.AbstractContextLoader - Could not detect default resource locations for test class [Controllers.ApplicationTest]: no resource found for suffixes {-context.xml, Context.groovy}.
01:12:32.782 [main] INFO org.springframework.test.context.support.AnnotationConfigContextLoaderUtils - Could not detect default configuration classes for test class [Controllers.ApplicationTest]: ApplicationTest does not declare any static, non-private, non-final, nested classes annotated with @Configuration.
01:12:32.973 [main] DEBUG org.springframework.test.context.support.ActiveProfilesUtils - Could not find an 'annotation declaring class' for annotation type [org.springframework.test.context.ActiveProfiles] and class [Controllers.ApplicationTest]
01:12:32.983 [main] DEBUG org.springframework.core.env.StandardEnvironment - Adding PropertySource 'systemProperties' with lowest search precedence
01:12:32.983 [main] DEBUG org.springframework.core.env.StandardEnvironment - Adding PropertySource 'systemEnvironment' with lowest search precedence
01:12:32.983 [main] DEBUG org.springframework.core.env.StandardEnvironment - Initialized StandardEnvironment with PropertySources [MapPropertySource@2104028992 {name='systemProperties', properties={java.runtime.name=Java(TM) SE Runtime Environment, sun.boot.library.path=C:\Program Files\Java\jdk1.8.0_161\jre\bin, java.vm.version=25.161-b12, user.country.format=KE, java.vm.vendor=Oracle Corporation, java.vendor.url=http://java.oracle.com/, path.separator=;, java.vm.name=Java HotSpot(TM) 64-Bit Server VM, file.encoding.pkg=sun.io, user.country=US, user.script=, sun.java.launcher=SUN_STANDARD, sun.os.patch.level=, java.vm.specification.name=Java Virtual Machine Specification, user.dir=D:\My Data\jobs\InM\chrisInM, java.runtime.version=1.8.0_161-b12, basedir=D:\My Data\jobs\InM\chrisInM, java.awt.graphicsenv=sun.awt.Win32GraphicsEnvironment, java.endorsed.dirs=C:\Program Files\Java\jdk1.8.0_161\jre\lib\endorsed, os.arch=amd64, surefire.real.class.path=C:\WINNT\Temp\surefire1863560012264565889\surefirebooter7713602252418258941.jar, java.io.tmpdir=C:\WINNT\Temp\, line.separator=
, java.vm.specification.vendor=Oracle Corporation, user.variant=, os.name=Windows 10, sun.jnu.encoding=Cp1252, java.library.path=C:\Program Files\Java\jdk1.8.0_161\jre\bin;C:\Windows\Sun\Java\bin;C:\Windows\system32;C:\Windows;C:\Program Files (x86)\Common Files\Oracle\Java\javapath;C:\OraHome_3\bin;C:\OraHome_3\jre\1.4.2\bin\client;C:\OraHome_3\jre\1.4.2\bin;C:\DevSuiteHome_3\jdk\jre\bin\classic;C:\DevSuiteHome_3\jdk\jre\bin;C:\DevSuiteHome_3\jdk\jre\bin\client;C:\DevSuiteHome_3\jlib;C:\DevSuiteHome_3\bin;C:\DevSuiteHome_3\jre\1.4.2\bin\client;C:\DevSuiteHome_3\jre\1.4.2\bin;D:\DevSuiteHome_2\jdk\jre\bin\classic;D:\DevSuiteHome_2\jdk\jre\bin;D:\DevSuiteHome_2\jdk\jre\bin\client;D:\DevSuiteHome_2\jlib;D:\DevSuiteHome_2\bin;D:\DevSuiteHome_2\jre\1.4.2\bin\client;D:\DevSuiteHome_2\jre\1.4.2\bin;C:\Program Files (x86)\Common Files\NetSarang;C:\OraHome_1\bin;C:\tibco\tibrv\8.4\bin;C:\Program Files (x86)\Common Files\Quest Shared\instantclient-basic-nt-12.2.0.1.0;C:\Program Files (x86)\Common Files\Quest Shared\p9879989_R12_GENERIC;C:\Program Files (x86)\Common Files\Quest Shared\instantclient-jdbc-nt-12.2.0.1.0;C:\ProgramData\Oracle\Java\javapath;C:\Windows\system32;C:\Windows;C:\Windows\System32\Wbem;C:\Windows\System32\WindowsPowerShell\v1.0\;C:\Program Files\PuTTY\;C:\Users\ckibuchi1\AppData\Local\Microsoft\WindowsApps;C:\Program Files\Git\cmd;C:\Program Files\Java\jdk1.8.0_161;C:\Program Files\Java\jdk1.8.0_161\bin;C:\Program Files\dotnet\;C:\Program Files\Microsoft SQL Server\130\Tools\Binn\;C:\Program Files (x86)\Microsoft SQL Server\150\DTS\Binn\;C:\xampp\php;C:\ProgramData\ComposerSetup\bin;C:\Users\ckibuchi1\AppData\Local\Microsoft\WindowsApps;C:\oracle\instantclient_12_1;C:\Program Files\Docker\Docker\resources\bin;C:\Program Files\Java\jdk1.8.0_161;C:\Program Files\Java\jdk1.8.0_161\bin;C:\oracle\Middleware\Oracle_Home\OPatch;C:\Users\ckibuchi1\AppData\Roaming\Composer\vendor\bin;., surefire.test.class.path=D:\My Data\jobs\InM\chrisInM\target\test-classes;D:\My Data\jobs\InM\chrisInM\target\classes;C:\Users\ckibuchi1\.m2\repository\org\springframework\boot\spring-boot-starter-web\2.0.5.RELEASE\spring-boot-starter-web-2.0.5.RELEASE.jar;C:\Users\ckibuchi1\.m2\repository\org\springframework\boot\spring-boot-starter-json\2.0.5.RELEASE\spring-boot-starter-json-2.0.5.RELEASE.jar;C:\Users\ckibuchi1\.m2\repository\com\fasterxml\jackson\core\jackson-databind\2.9.6\jackson-databind-2.9.6.jar;C:\Users\ckibuchi1\.m2\repository\com\fasterxml\jackson\core\jackson-annotations\2.9.0\jackson-annotations-2.9.0.jar;C:\Users\ckibuchi1\.m2\repository\com\fasterxml\jackson\core\jackson-core\2.9.6\jackson-core-2.9.6.jar;C:\Users\ckibuchi1\.m2\repository\com\fasterxml\jackson\datatype\jackson-datatype-jdk8\2.9.6\jackson-datatype-jdk8-2.9.6.jar;C:\Users\ckibuchi1\.m2\repository\com\fasterxml\jackson\datatype\jackson-datatype-jsr310\2.9.6\jackson-datatype-jsr310-2.9.6.jar;C:\Users\ckibuchi1\.m2\repository\com\fasterxml\jackson\module\jackson-module-parameter-names\2.9.6\jackson-module-parameter-names-2.9.6.jar;C:\Users\ckibuchi1\.m2\repository\org\springframework\boot\spring-boot-starter-tomcat\2.0.5.RELEASE\spring-boot-starter-tomcat-2.0.5.RELEASE.jar;C:\Users\ckibuchi1\.m2\repository\org\apache\tomcat\embed\tomcat-embed-core\8.5.34\tomcat-embed-core-8.5.34.jar;C:\Users\ckibuchi1\.m2\repository\org\apache\tomcat\embed\tomcat-embed-el\8.5.34\tomcat-embed-el-8.5.34.jar;C:\Users\ckibuchi1\.m2\repository\org\apache\tomcat\embed\tomcat-embed-websocket\8.5.34\tomcat-embed-websocket-8.5.34.jar;C:\Users\ckibuchi1\.m2\repository\org\hibernate\validator\hibernate-validator\6.0.12.Final\hibernate-validator-6.0.12.Final.jar;C:\Users\ckibuchi1\.m2\repository\javax\validation\validation-api\2.0.1.Final\validation-api-2.0.1.Final.jar;C:\Users\ckibuchi1\.m2\repository\org\jboss\logging\jboss-logging\3.3.2.Final\jboss-logging-3.3.2.Final.jar;C:\Users\ckibuchi1\.m2\repository\com\fasterxml\classmate\1.3.4\classmate-1.3.4.jar;C:\Users\ckibuchi1\.m2\repository\org\springframework\spring-web\5.0.9.RELEASE\spring-web-5.0.9.RELEASE.jar;C:\Users\ckibuchi1\.m2\repository\org\springframework\spring-beans\5.0.9.RELEASE\spring-beans-5.0.9.RELEASE.jar;C:\Users\ckibuchi1\.m2\repository\org\springframework\spring-webmvc\5.0.9.RELEASE\spring-webmvc-5.0.9.RELEASE.jar;C:\Users\ckibuchi1\.m2\repository\org\springframework\spring-aop\5.0.9.RELEASE\spring-aop-5.0.9.RELEASE.jar;C:\Users\ckibuchi1\.m2\repository\org\springframework\spring-context\5.0.9.RELEASE\spring-context-5.0.9.RELEASE.jar;C:\Users\ckibuchi1\.m2\repository\org\springframework\spring-expression\5.0.9.RELEASE\spring-expression-5.0.9.RELEASE.jar;C:\Users\ckibuchi1\.m2\repository\org\springframework\boot\spring-boot-starter-freemarker\2.0.5.RELEASE\spring-boot-starter-freemarker-2.0.5.RELEASE.jar;C:\Users\ckibuchi1\.m2\repository\org\freemarker\freemarker\2.3.28\freemarker-2.3.28.jar;C:\Users\ckibuchi1\.m2\repository\org\springframework\spring-context-support\5.0.9.RELEASE\spring-context-support-5.0.9.RELEASE.jar;C:\Users\ckibuchi1\.m2\repository\org\springframework\boot\spring-boot-devtools\2.0.5.RELEASE\spring-boot-devtools-2.0.5.RELEASE.jar;C:\Users\ckibuchi1\.m2\repository\org\springframework\boot\spring-boot\2.0.5.RELEASE\spring-boot-2.0.5.RELEASE.jar;C:\Users\ckibuchi1\.m2\repository\org\springframework\boot\spring-boot-starter-test\2.0.5.RELEASE\spring-boot-starter-test-2.0.5.RELEASE.jar;C:\Users\ckibuchi1\.m2\repository\org\springframework\boot\spring-boot-test\2.0.5.RELEASE\spring-boot-test-2.0.5.RELEASE.jar;C:\Users\ckibuchi1\.m2\repository\org\springframework\boot\spring-boot-test-autoconfigure\2.0.5.RELEASE\spring-boot-test-autoconfigure-2.0.5.RELEASE.jar;C:\Users\ckibuchi1\.m2\repository\com\jayway\jsonpath\json-path\2.4.0\json-path-2.4.0.jar;C:\Users\ckibuchi1\.m2\repository\net\minidev\json-smart\2.3\json-smart-2.3.jar;C:\Users\ckibuchi1\.m2\repository\net\minidev\accessors-smart\1.2\accessors-smart-1.2.jar;C:\Users\ckibuchi1\.m2\repository\org\ow2\asm\asm\5.0.4\asm-5.0.4.jar;C:\Users\ckibuchi1\.m2\repository\org\slf4j\slf4j-api\1.7.25\slf4j-api-1.7.25.jar;C:\Users\ckibuchi1\.m2\repository\junit\junit\4.12\junit-4.12.jar;C:\Users\ckibuchi1\.m2\repository\org\assertj\assertj-core\3.9.1\assertj-core-3.9.1.jar;C:\Users\ckibuchi1\.m2\repository\org\mockito\mockito-core\2.15.0\mockito-core-2.15.0.jar;C:\Users\ckibuchi1\.m2\repository\net\bytebuddy\byte-buddy\1.7.11\byte-buddy-1.7.11.jar;C:\Users\ckibuchi1\.m2\repository\net\bytebuddy\byte-buddy-agent\1.7.11\byte-buddy-agent-1.7.11.jar;C:\Users\ckibuchi1\.m2\repository\org\objenesis\objenesis\2.6\objenesis-2.6.jar;C:\Users\ckibuchi1\.m2\repository\org\hamcrest\hamcrest-core\1.3\hamcrest-core-1.3.jar;C:\Users\ckibuchi1\.m2\repository\org\hamcrest\hamcrest-library\1.3\hamcrest-library-1.3.jar;C:\Users\ckibuchi1\.m2\repository\org\skyscreamer\jsonassert\1.5.0\jsonassert-1.5.0.jar;C:\Users\ckibuchi1\.m2\repository\com\vaadin\external\google\android-json\0.0.20131108.vaadin1\android-json-0.0.20131108.vaadin1.jar;C:\Users\ckibuchi1\.m2\repository\org\springframework\spring-core\5.0.9.RELEASE\spring-core-5.0.9.RELEASE.jar;C:\Users\ckibuchi1\.m2\repository\org\springframework\spring-jcl\5.0.9.RELEASE\spring-jcl-5.0.9.RELEASE.jar;C:\Users\ckibuchi1\.m2\repository\org\springframework\spring-test\5.0.9.RELEASE\spring-test-5.0.9.RELEASE.jar;C:\Users\ckibuchi1\.m2\repository\org\xmlunit\xmlunit-core\2.5.1\xmlunit-core-2.5.1.jar;C:\Users\ckibuchi1\.m2\repository\com\squareup\okhttp3\okhttp\3.9.0\okhttp-3.9.0.jar;C:\Users\ckibuchi1\.m2\repository\com\squareup\okio\okio\1.13.0\okio-1.13.0.jar;C:\Users\ckibuchi1\.m2\repository\org\json\json\20180130\json-20180130.jar;C:\Users\ckibuchi1\.m2\repository\org\springframework\boot\spring-boot-autoconfigure\2.0.5.RELEASE\spring-boot-autoconfigure-2.0.5.RELEASE.jar;C:\Users\ckibuchi1\.m2\repository\org\springframework\boot\spring-boot-starter\2.0.5.RELEASE\spring-boot-starter-2.0.5.RELEASE.jar;C:\Users\ckibuchi1\.m2\repository\org\springframework\boot\spring-boot-starter-logging\2.0.5.RELEASE\spring-boot-starter-logging-2.0.5.RELEASE.jar;C:\Users\ckibuchi1\.m2\repository\ch\qos\logback\logback-classic\1.2.3\logback-classic-1.2.3.jar;C:\Users\ckibuchi1\.m2\repository\ch\qos\logback\logback-core\1.2.3\logback-core-1.2.3.jar;C:\Users\ckibuchi1\.m2\repository\org\apache\logging\log4j\log4j-to-slf4j\2.10.0\log4j-to-slf4j-2.10.0.jar;C:\Users\ckibuchi1\.m2\repository\org\apache\logging\log4j\log4j-api\2.10.0\log4j-api-2.10.0.jar;C:\Users\ckibuchi1\.m2\repository\org\slf4j\jul-to-slf4j\1.7.25\jul-to-slf4j-1.7.25.jar;C:\Users\ckibuchi1\.m2\repository\javax\annotation\javax.annotation-api\1.3.2\javax.annotation-api-1.3.2.jar;C:\Users\ckibuchi1\.m2\repository\org\yaml\snakeyaml\1.19\snakeyaml-1.19.jar;C:\Users\ckibuchi1\.m2\repository\org\springframework\boot\spring-boot-starter-thymeleaf\2.0.5.RELEASE\spring-boot-starter-thymeleaf-2.0.5.RELEASE.jar;C:\Users\ckibuchi1\.m2\repository\org\thymeleaf\thymeleaf-spring5\3.0.9.RELEASE\thymeleaf-spring5-3.0.9.RELEASE.jar;C:\Users\ckibuchi1\.m2\repository\org\thymeleaf\thymeleaf\3.0.9.RELEASE\thymeleaf-3.0.9.RELEASE.jar;C:\Users\ckibuchi1\.m2\repository\org\attoparser\attoparser\2.0.4.RELEASE\attoparser-2.0.4.RELEASE.jar;C:\Users\ckibuchi1\.m2\repository\org\unbescape\unbescape\1.1.5.RELEASE\unbescape-1.1.5.RELEASE.jar;C:\Users\ckibuchi1\.m2\repository\org\thymeleaf\extras\thymeleaf-extras-java8time\3.0.1.RELEASE\thymeleaf-extras-java8time-3.0.1.RELEASE.jar;C:\Users\ckibuchi1\.m2\repository\com\google\code\gson\gson\2.8.5\gson-2.8.5.jar;, java.specification.name=Java Platform API Specification, java.class.version=52.0, sun.management.compiler=HotSpot 64-Bit Tiered Compilers, os.version=10.0, user.home=C:\Users\ckibuchi1, user.timezone=Africa/Nairobi, java.awt.printerjob=sun.awt.windows.WPrinterJob, file.encoding=Cp1252, java.specification.version=1.8, java.class.path=D:\My Data\jobs\InM\chrisInM\target\test-classes;D:\My Data\jobs\InM\chrisInM\target\classes;C:\Users\ckibuchi1\.m2\repository\org\springframework\boot\spring-boot-starter-web\2.0.5.RELEASE\spring-boot-starter-web-2.0.5.RELEASE.jar;C:\Users\ckibuchi1\.m2\repository\org\springframework\boot\spring-boot-starter-json\2.0.5.RELEASE\spring-boot-starter-json-2.0.5.RELEASE.jar;C:\Users\ckibuchi1\.m2\repository\com\fasterxml\jackson\core\jackson-databind\2.9.6\jackson-databind-2.9.6.jar;C:\Users\ckibuchi1\.m2\repository\com\fasterxml\jackson\core\jackson-annotations\2.9.0\jackson-annotations-2.9.0.jar;C:\Users\ckibuchi1\.m2\repository\com\fasterxml\jackson\core\jackson-core\2.9.6\jackson-core-2.9.6.jar;C:\Users\ckibuchi1\.m2\repository\com\fasterxml\jackson\datatype\jackson-datatype-jdk8\2.9.6\jackson-datatype-jdk8-2.9.6.jar;C:\Users\ckibuchi1\.m2\repository\com\fasterxml\jackson\datatype\jackson-datatype-jsr310\2.9.6\jackson-datatype-jsr310-2.9.6.jar;C:\Users\ckibuchi1\.m2\repository\com\fasterxml\jackson\module\jackson-module-parameter-names\2.9.6\jackson-module-parameter-names-2.9.6.jar;C:\Users\ckibuchi1\.m2\repository\org\springframework\boot\spring-boot-starter-tomcat\2.0.5.RELEASE\spring-boot-starter-tomcat-2.0.5.RELEASE.jar;C:\Users\ckibuchi1\.m2\repository\org\apache\tomcat\embed\tomcat-embed-core\8.5.34\tomcat-embed-core-8.5.34.jar;C:\Users\ckibuchi1\.m2\repository\org\apache\tomcat\embed\tomcat-embed-el\8.5.34\tomcat-embed-el-8.5.34.jar;C:\Users\ckibuchi1\.m2\repository\org\apache\tomcat\embed\tomcat-embed-websocket\8.5.34\tomcat-embed-websocket-8.5.34.jar;C:\Users\ckibuchi1\.m2\repository\org\hibernate\validator\hibernate-validator\6.0.12.Final\hibernate-validator-6.0.12.Final.jar;C:\Users\ckibuchi1\.m2\repository\javax\validation\validation-api\2.0.1.Final\validation-api-2.0.1.Final.jar;C:\Users\ckibuchi1\.m2\repository\org\jboss\logging\jboss-logging\3.3.2.Final\jboss-logging-3.3.2.Final.jar;C:\Users\ckibuchi1\.m2\repository\com\fasterxml\classmate\1.3.4\classmate-1.3.4.jar;C:\Users\ckibuchi1\.m2\repository\org\springframework\spring-web\5.0.9.RELEASE\spring-web-5.0.9.RELEASE.jar;C:\Users\ckibuchi1\.m2\repository\org\springframework\spring-beans\5.0.9.RELEASE\spring-beans-5.0.9.RELEASE.jar;C:\Users\ckibuchi1\.m2\repository\org\springframework\spring-webmvc\5.0.9.RELEASE\spring-webmvc-5.0.9.RELEASE.jar;C:\Users\ckibuchi1\.m2\repository\org\springframework\spring-aop\5.0.9.RELEASE\spring-aop-5.0.9.RELEASE.jar;C:\Users\ckibuchi1\.m2\repository\org\springframework\spring-context\5.0.9.RELEASE\spring-context-5.0.9.RELEASE.jar;C:\Users\ckibuchi1\.m2\repository\org\springframework\spring-expression\5.0.9.RELEASE\spring-expression-5.0.9.RELEASE.jar;C:\Users\ckibuchi1\.m2\repository\org\springframework\boot\spring-boot-starter-freemarker\2.0.5.RELEASE\spring-boot-starter-freemarker-2.0.5.RELEASE.jar;C:\Users\ckibuchi1\.m2\repository\org\freemarker\freemarker\2.3.28\freemarker-2.3.28.jar;C:\Users\ckibuchi1\.m2\repository\org\springframework\spring-context-support\5.0.9.RELEASE\spring-context-support-5.0.9.RELEASE.jar;C:\Users\ckibuchi1\.m2\repository\org\springframework\boot\spring-boot-devtools\2.0.5.RELEASE\spring-boot-devtools-2.0.5.RELEASE.jar;C:\Users\ckibuchi1\.m2\repository\org\springframework\boot\spring-boot\2.0.5.RELEASE\spring-boot-2.0.5.RELEASE.jar;C:\Users\ckibuchi1\.m2\repository\org\springframework\boot\spring-boot-starter-test\2.0.5.RELEASE\spring-boot-starter-test-2.0.5.RELEASE.jar;C:\Users\ckibuchi1\.m2\repository\org\springframework\boot\spring-boot-test\2.0.5.RELEASE\spring-boot-test-2.0.5.RELEASE.jar;C:\Users\ckibuchi1\.m2\repository\org\springframework\boot\spring-boot-test-autoconfigure\2.0.5.RELEASE\spring-boot-test-autoconfigure-2.0.5.RELEASE.jar;C:\Users\ckibuchi1\.m2\repository\com\jayway\jsonpath\json-path\2.4.0\json-path-2.4.0.jar;C:\Users\ckibuchi1\.m2\repository\net\minidev\json-smart\2.3\json-smart-2.3.jar;C:\Users\ckibuchi1\.m2\repository\net\minidev\accessors-smart\1.2\accessors-smart-1.2.jar;C:\Users\ckibuchi1\.m2\repository\org\ow2\asm\asm\5.0.4\asm-5.0.4.jar;C:\Users\ckibuchi1\.m2\repository\org\slf4j\slf4j-api\1.7.25\slf4j-api-1.7.25.jar;C:\Users\ckibuchi1\.m2\repository\junit\junit\4.12\junit-4.12.jar;C:\Users\ckibuchi1\.m2\repository\org\assertj\assertj-core\3.9.1\assertj-core-3.9.1.jar;C:\Users\ckibuchi1\.m2\repository\org\mockito\mockito-core\2.15.0\mockito-core-2.15.0.jar;C:\Users\ckibuchi1\.m2\repository\net\bytebuddy\byte-buddy\1.7.11\byte-buddy-1.7.11.jar;C:\Users\ckibuchi1\.m2\repository\net\bytebuddy\byte-buddy-agent\1.7.11\byte-buddy-agent-1.7.11.jar;C:\Users\ckibuchi1\.m2\repository\org\objenesis\objenesis\2.6\objenesis-2.6.jar;C:\Users\ckibuchi1\.m2\repository\org\hamcrest\hamcrest-core\1.3\hamcrest-core-1.3.jar;C:\Users\ckibuchi1\.m2\repository\org\hamcrest\hamcrest-library\1.3\hamcrest-library-1.3.jar;C:\Users\ckibuchi1\.m2\repository\org\skyscreamer\jsonassert\1.5.0\jsonassert-1.5.0.jar;C:\Users\ckibuchi1\.m2\repository\com\vaadin\external\google\android-json\0.0.20131108.vaadin1\android-json-0.0.20131108.vaadin1.jar;C:\Users\ckibuchi1\.m2\repository\org\springframework\spring-core\5.0.9.RELEASE\spring-core-5.0.9.RELEASE.jar;C:\Users\ckibuchi1\.m2\repository\org\springframework\spring-jcl\5.0.9.RELEASE\spring-jcl-5.0.9.RELEASE.jar;C:\Users\ckibuchi1\.m2\repository\org\springframework\spring-test\5.0.9.RELEASE\spring-test-5.0.9.RELEASE.jar;C:\Users\ckibuchi1\.m2\repository\org\xmlunit\xmlunit-core\2.5.1\xmlunit-core-2.5.1.jar;C:\Users\ckibuchi1\.m2\repository\com\squareup\okhttp3\okhttp\3.9.0\okhttp-3.9.0.jar;C:\Users\ckibuchi1\.m2\repository\com\squareup\okio\okio\1.13.0\okio-1.13.0.jar;C:\Users\ckibuchi1\.m2\repository\org\json\json\20180130\json-20180130.jar;C:\Users\ckibuchi1\.m2\repository\org\springframework\boot\spring-boot-autoconfigure\2.0.5.RELEASE\spring-boot-autoconfigure-2.0.5.RELEASE.jar;C:\Users\ckibuchi1\.m2\repository\org\springframework\boot\spring-boot-starter\2.0.5.RELEASE\spring-boot-starter-2.0.5.RELEASE.jar;C:\Users\ckibuchi1\.m2\repository\org\springframework\boot\spring-boot-starter-logging\2.0.5.RELEASE\spring-boot-starter-logging-2.0.5.RELEASE.jar;C:\Users\ckibuchi1\.m2\repository\ch\qos\logback\logback-classic\1.2.3\logback-classic-1.2.3.jar;C:\Users\ckibuchi1\.m2\repository\ch\qos\logback\logback-core\1.2.3\logback-core-1.2.3.jar;C:\Users\ckibuchi1\.m2\repository\org\apache\logging\log4j\log4j-to-slf4j\2.10.0\log4j-to-slf4j-2.10.0.jar;C:\Users\ckibuchi1\.m2\repository\org\apache\logging\log4j\log4j-api\2.10.0\log4j-api-2.10.0.jar;C:\Users\ckibuchi1\.m2\repository\org\slf4j\jul-to-slf4j\1.7.25\jul-to-slf4j-1.7.25.jar;C:\Users\ckibuchi1\.m2\repository\javax\annotation\javax.annotation-api\1.3.2\javax.annotation-api-1.3.2.jar;C:\Users\ckibuchi1\.m2\repository\org\yaml\snakeyaml\1.19\snakeyaml-1.19.jar;C:\Users\ckibuchi1\.m2\repository\org\springframework\boot\spring-boot-starter-thymeleaf\2.0.5.RELEASE\spring-boot-starter-thymeleaf-2.0.5.RELEASE.jar;C:\Users\ckibuchi1\.m2\repository\org\thymeleaf\thymeleaf-spring5\3.0.9.RELEASE\thymeleaf-spring5-3.0.9.RELEASE.jar;C:\Users\ckibuchi1\.m2\repository\org\thymeleaf\thymeleaf\3.0.9.RELEASE\thymeleaf-3.0.9.RELEASE.jar;C:\Users\ckibuchi1\.m2\repository\org\attoparser\attoparser\2.0.4.RELEASE\attoparser-2.0.4.RELEASE.jar;C:\Users\ckibuchi1\.m2\repository\org\unbescape\unbescape\1.1.5.RELEASE\unbescape-1.1.5.RELEASE.jar;C:\Users\ckibuchi1\.m2\repository\org\thymeleaf\extras\thymeleaf-extras-java8time\3.0.1.RELEASE\thymeleaf-extras-java8time-3.0.1.RELEASE.jar;C:\Users\ckibuchi1\.m2\repository\com\google\code\gson\gson\2.8.5\gson-2.8.5.jar;, user.name=CKIBUCHI1, java.vm.specification.version=1.8, sun.java.command=C:\WINNT\Temp\surefire1863560012264565889\surefirebooter7713602252418258941.jar C:\WINNT\Temp\surefire1863560012264565889 2019-01-30T01-12-28_620-jvmRun1 surefire2353463460918693968tmp surefire_02854220354388419456tmp, java.home=C:\Program Files\Java\jdk1.8.0_161\jre, sun.arch.data.model=64, user.language=en, java.specification.vendor=Oracle Corporation, awt.toolkit=sun.awt.windows.WToolkit, java.vm.info=mixed mode, java.version=1.8.0_161, java.ext.dirs=C:\Program Files\Java\jdk1.8.0_161\jre\lib\ext;C:\Windows\Sun\Java\lib\ext, sun.boot.class.path=C:\Program Files\Java\jdk1.8.0_161\jre\lib\resources.jar;C:\Program Files\Java\jdk1.8.0_161\jre\lib\rt.jar;C:\Program Files\Java\jdk1.8.0_161\jre\lib\sunrsasign.jar;C:\Program Files\Java\jdk1.8.0_161\jre\lib\jsse.jar;C:\Program Files\Java\jdk1.8.0_161\jre\lib\jce.jar;C:\Program Files\Java\jdk1.8.0_161\jre\lib\charsets.jar;C:\Program Files\Java\jdk1.8.0_161\jre\lib\jfr.jar;C:\Program Files\Java\jdk1.8.0_161\jre\classes, java.vendor=Sun Microsystems Inc., localRepository=C:\Users\ckibuchi1\.m2\repository, file.separator=\, java.vendor.url.bug=http://bugreport.sun.com/bugreport/, sun.io.unicode.encoding=UnicodeLittle, sun.cpu.endian=little, sun.desktop=windows, sun.cpu.isalist=amd64}}, SystemEnvironmentPropertySource@1527430292 {name='systemEnvironment', properties={PATH=C:\Program Files (x86)\Common Files\Oracle\Java\javapath;C:\OraHome_3\bin;C:\OraHome_3\jre\1.4.2\bin\client;C:\OraHome_3\jre\1.4.2\bin;C:\DevSuiteHome_3\jdk\jre\bin\classic;C:\DevSuiteHome_3\jdk\jre\bin;C:\DevSuiteHome_3\jdk\jre\bin\client;C:\DevSuiteHome_3\jlib;C:\DevSuiteHome_3\bin;C:\DevSuiteHome_3\jre\1.4.2\bin\client;C:\DevSuiteHome_3\jre\1.4.2\bin;D:\DevSuiteHome_2\jdk\jre\bin\classic;D:\DevSuiteHome_2\jdk\jre\bin;D:\DevSuiteHome_2\jdk\jre\bin\client;D:\DevSuiteHome_2\jlib;D:\DevSuiteHome_2\bin;D:\DevSuiteHome_2\jre\1.4.2\bin\client;D:\DevSuiteHome_2\jre\1.4.2\bin;C:\Program Files (x86)\Common Files\NetSarang;C:\OraHome_1\bin;C:\tibco\tibrv\8.4\bin;C:\Program Files (x86)\Common Files\Quest Shared\instantclient-basic-nt-12.2.0.1.0;C:\Program Files (x86)\Common Files\Quest Shared\p9879989_R12_GENERIC;C:\Program Files (x86)\Common Files\Quest Shared\instantclient-jdbc-nt-12.2.0.1.0;C:\ProgramData\Oracle\Java\javapath;C:\Windows\system32;C:\Windows;C:\Windows\System32\Wbem;C:\Windows\System32\WindowsPowerShell\v1.0\;C:\Program Files\PuTTY\;C:\Users\ckibuchi1\AppData\Local\Microsoft\WindowsApps;C:\Program Files\Git\cmd;C:\Program Files\Java\jdk1.8.0_161;C:\Program Files\Java\jdk1.8.0_161\bin;C:\Program Files\dotnet\;C:\Program Files\Microsoft SQL Server\130\Tools\Binn\;C:\Program Files (x86)\Microsoft SQL Server\150\DTS\Binn\;C:\xampp\php;C:\ProgramData\ComposerSetup\bin;C:\Users\ckibuchi1\AppData\Local\Microsoft\WindowsApps;C:\oracle\instantclient_12_1;C:\Program Files\Docker\Docker\resources\bin;C:\Program Files\Java\jdk1.8.0_161;C:\Program Files\Java\jdk1.8.0_161\bin;C:\oracle\Middleware\Oracle_Home\OPatch;C:\Users\ckibuchi1\AppData\Roaming\Composer\vendor\bin, USERDOMAIN_ROAMINGPROFILE=SAFARICOM, PROCESSOR_LEVEL=6, SYSTEMDRIVE=C:, FORMS60_PATH= C:\Forms\visr12, SESSIONNAME=Console, ALLUSERSPROFILE=C:\ProgramData, PROCESSOR_ARCHITECTURE=AMD64, TNS_ADMIN=C:\oracle\instantclient_12_1, PROGRAMFILES=C:\Program Files, PSMODULEPATH=C:\Program Files\WindowsPowerShell\Modules;C:\Windows\system32\WindowsPowerShell\v1.0\Modules, PROGRAMDATA=C:\ProgramData, WRAPPER_LAUNCHER=org.apache.maven.wrapper.MavenWrapperMain, USERNAME=CKIBUCHI1, USERDNSDOMAIN=SAFARICOM.NET, WDIR=D:\My Data\jobs\InM\chrisInM, FPS_BROWSER_USER_PROFILE_STRING=Default, ONEDRIVE=C:\Users\ckibuchi1\OneDrive, PATHEXT=.COM;.EXE;.BAT;.CMD;.VBS;.VBE;.JS;.JSE;.WSF;.WSH;.MSC, WINDIR=C:\Windows, HOMEPATH=\Users\ckibuchi1, PROCESSOR_IDENTIFIER=Intel64 Family 6 Model 78 Stepping 3, GenuineIntel, MAVEN_JAVA_EXE="C:\Program Files\Java\jdk1.8.0_161\bin\java.exe", OCI_LIB64=C:\oracle\instantclient_12_1, PUBLIC=C:\Users\Public, =::=::\, FORMS_PATH= C:\Forms\visr12, LOCALAPPDATA=C:\Users\ckibuchi1\AppData\Local, COMMONPROGRAMFILES(X86)=C:\Program Files (x86)\Common Files, USERDOMAIN=SAFARICOM, FPS_BROWSER_APP_PROFILE_STRING=Internet Explorer, LOGONSERVER=\\SVDT5ADC01, JAVA_HOME=C:\Program Files\Java\jdk1.8.0_161, PROMPT=$P$G, PROGRAMFILES(X86)=C:\Program Files (x86), ERROR_CODE=0, EXEC_DIR=D:\My Data\jobs\InM\chrisInM, APPDATA=C:\Users\ckibuchi1\AppData\Roaming, JAVA_TOOL_OPTIONS=-Djava.vendor="Sun Microsystems Inc.", PROGRAMW6432=C:\Program Files, SYSTEMROOT=C:\Windows, D:\DEVSUITEHOME\PATCH_TOP=D:\DevSuiteHome\PATCH_TOP, MAVEN_CMD_LINE_ARGS=compile package, SPLICE_FOLDER=C:\Users\ckibuchi1\Documents\Splice, VBOX_MSI_INSTALL_PATH=C:\Program Files\Oracle\VirtualBox\, OS=Windows_NT, COMMONPROGRAMW6432=C:\Program Files\Common Files, COMPUTERNAME=LTTECH2000, COMMONPROGRAMFILES=C:\Program Files\Common Files, COMSPEC=C:\Windows\system32\cmd.exe, MAVEN_PROJECTBASEDIR=D:\My Data\jobs\InM\chrisInM, OPATCH=C:\oracle\Middleware\Oracle_Home\OPatch, PROCESSOR_REVISION=4e03, CLASSPATH=C:\tibco\tibrv\8.4\lib\tibrvnative.jar;, NLS_LANG=AMERICAN_AMERICA.WE8MSWIN1252, UATDATA=C:\Windows\CCM\UATData\D9F8C395-CAB8-491d-B8AC-179A1FE1BE77, WRAPPER_JAR="".\.mvn\wrapper\maven-wrapper.jar"", =D:=D:\My Data\jobs\InM\chrisInM, TEMP=C:\WINNT\Temp\, HOMEDRIVE=C:, USERPROFILE=C:\Users\ckibuchi1, TMP=C:\WINNT\Temp\, NUMBER_OF_PROCESSORS=4, HOME=C:\Users\ckibuchi1}}]
01:12:33.006 [main] DEBUG org.springframework.core.io.support.PathMatchingResourcePatternResolver - Resolved classpath location [Controllers/] to resources [URL [file:/D:/My%20Data/jobs/InM/chrisInM/target/test-classes/Controllers/], URL [file:/D:/My%20Data/jobs/InM/chrisInM/target/classes/Controllers/]]
01:12:33.010 [main] DEBUG org.springframework.core.io.support.PathMatchingResourcePatternResolver - Looking for matching resources in directory tree [D:\My Data\jobs\InM\chrisInM\target\test-classes\Controllers]
01:12:33.026 [main] DEBUG org.springframework.core.io.support.PathMatchingResourcePatternResolver - Searching directory [D:\My Data\jobs\InM\chrisInM\target\test-classes\Controllers] for files matching pattern [D:/My Data/jobs/InM/chrisInM/target/test-classes/Controllers/*.class]
01:12:33.043 [main] DEBUG org.springframework.core.io.support.PathMatchingResourcePatternResolver - Looking for matching resources in directory tree [D:\My Data\jobs\InM\chrisInM\target\classes\Controllers]
01:12:33.043 [main] DEBUG org.springframework.core.io.support.PathMatchingResourcePatternResolver - Searching directory [D:\My Data\jobs\InM\chrisInM\target\classes\Controllers] for files matching pattern [D:/My Data/jobs/InM/chrisInM/target/classes/Controllers/*.class]
01:12:33.067 [main] DEBUG org.springframework.core.io.support.PathMatchingResourcePatternResolver - Resolved location pattern [classpath*:Controllers/*.class] to resources [file [D:\My Data\jobs\InM\chrisInM\target\test-classes\Controllers\ApplicationTest.class], file [D:\My Data\jobs\InM\chrisInM\target\classes\Controllers\Application.class], file [D:\My Data\jobs\InM\chrisInM\target\classes\Controllers\MainController.class], file [D:\My Data\jobs\InM\chrisInM\target\classes\Controllers\Swapicontroller$1.class], file [D:\My Data\jobs\InM\chrisInM\target\classes\Controllers\Swapicontroller$2.class], file [D:\My Data\jobs\InM\chrisInM\target\classes\Controllers\Swapicontroller.class]]
01:12:33.159 [main] DEBUG org.springframework.context.annotation.ClassPathScanningCandidateComponentProvider - Identified candidate component class: file [D:\My Data\jobs\InM\chrisInM\target\classes\Controllers\Application.class]
01:12:33.187 [main] INFO org.springframework.boot.test.context.SpringBootTestContextBootstrapper - Found @SpringBootConfiguration Controllers.Application for test class Controllers.ApplicationTest
01:12:33.190 [main] DEBUG org.springframework.boot.test.autoconfigure.web.servlet.WebMvcTestContextBootstrapper - @TestExecutionListeners is not present for class [Controllers.ApplicationTest]: using defaults.
01:12:33.191 [main] INFO org.springframework.boot.test.autoconfigure.web.servlet.WebMvcTestContextBootstrapper - Loaded default TestExecutionListener class names from location [META-INF/spring.factories]: [org.springframework.boot.test.mock.mockito.MockitoTestExecutionListener, org.springframework.boot.test.mock.mockito.ResetMocksTestExecutionListener, org.springframework.boot.test.autoconfigure.restdocs.RestDocsTestExecutionListener, org.springframework.boot.test.autoconfigure.web.client.MockRestServiceServerResetTestExecutionListener, org.springframework.boot.test.autoconfigure.web.servlet.MockMvcPrintOnlyOnFailureTestExecutionListener, org.springframework.boot.test.autoconfigure.web.servlet.WebDriverTestExecutionListener, org.springframework.test.context.web.ServletTestExecutionListener, org.springframework.test.context.support.DirtiesContextBeforeModesTestExecutionListener, org.springframework.test.context.support.DependencyInjectionTestExecutionListener, org.springframework.test.context.support.DirtiesContextTestExecutionListener, org.springframework.test.context.transaction.TransactionalTestExecutionListener, org.springframework.test.context.jdbc.SqlScriptsTestExecutionListener]
01:12:33.215 [main] DEBUG org.springframework.boot.test.autoconfigure.web.servlet.WebMvcTestContextBootstrapper - Skipping candidate TestExecutionListener [org.springframework.test.context.transaction.TransactionalTestExecutionListener] due to a missing dependency. Specify custom listener classes or make the default listener classes and their required dependencies available. Offending class: [org/springframework/transaction/interceptor/TransactionAttributeSource]
01:12:33.216 [main] DEBUG org.springframework.boot.test.autoconfigure.web.servlet.WebMvcTestContextBootstrapper - Skipping candidate TestExecutionListener [org.springframework.test.context.jdbc.SqlScriptsTestExecutionListener] due to a missing dependency. Specify custom listener classes or make the default listener classes and their required dependencies available. Offending class: [org/springframework/transaction/interceptor/TransactionAttribute]
01:12:33.216 [main] INFO org.springframework.boot.test.autoconfigure.web.servlet.WebMvcTestContextBootstrapper - Using TestExecutionListeners: [org.springframework.test.context.web.ServletTestExecutionListener@49b0b76, org.springframework.test.context.support.DirtiesContextBeforeModesTestExecutionListener@769f71a9, org.springframework.boot.test.mock.mockito.MockitoTestExecutionListener@4c9f8c13, org.springframework.boot.test.autoconfigure.SpringBootDependencyInjectionTestExecutionListener@5ae50ce6, org.springframework.test.context.support.DirtiesContextTestExecutionListener@6f96c77, org.springframework.boot.test.mock.mockito.ResetMocksTestExecutionListener@be64738, org.springframework.boot.test.autoconfigure.restdocs.RestDocsTestExecutionListener@3ba9ad43, org.springframework.boot.test.autoconfigure.web.client.MockRestServiceServerResetTestExecutionListener@49d904ec, org.springframework.boot.test.autoconfigure.web.servlet.MockMvcPrintOnlyOnFailureTestExecutionListener@48e4374, org.springframework.boot.test.autoconfigure.web.servlet.WebDriverTestExecutionListener@3d680b5a]
01:12:33.220 [main] DEBUG org.springframework.test.annotation.ProfileValueUtils - Retrieved @ProfileValueSourceConfiguration [null] for test class [Controllers.ApplicationTest]
01:12:33.221 [main] DEBUG org.springframework.test.annotation.ProfileValueUtils - Retrieved ProfileValueSource type [class org.springframework.test.annotation.SystemProfileValueSource] for class [Controllers.ApplicationTest]
01:12:33.224 [main] DEBUG org.springframework.test.annotation.ProfileValueUtils - Retrieved @ProfileValueSourceConfiguration [null] for test class [Controllers.ApplicationTest]
01:12:33.224 [main] DEBUG org.springframework.test.annotation.ProfileValueUtils - Retrieved ProfileValueSource type [class org.springframework.test.annotation.SystemProfileValueSource] for class [Controllers.ApplicationTest]
01:12:33.226 [main] DEBUG org.springframework.test.annotation.ProfileValueUtils - Retrieved @ProfileValueSourceConfiguration [null] for test class [Controllers.ApplicationTest]
01:12:33.226 [main] DEBUG org.springframework.test.annotation.ProfileValueUtils - Retrieved ProfileValueSource type [class org.springframework.test.annotation.SystemProfileValueSource] for class [Controllers.ApplicationTest]
01:12:33.249 [main] DEBUG org.springframework.test.context.support.AbstractDirtiesContextTestExecutionListener - Before test class: context [DefaultTestContext@7e0b85f9 testClass = ApplicationTest, testInstance = [null], testMethod = [null], testException = [null], mergedContextConfiguration = [WebMergedContextConfiguration@63355449 testClass = ApplicationTest, locations = '{}', classes = '{class Controllers.Application}', contextInitializerClasses = '[]', activeProfiles = '{}', propertySourceLocations = '{}', propertySourceProperties = '{org.springframework.boot.test.autoconfigure.web.servlet.WebMvcTestContextBootstrapper=true}', contextCustomizers = set[[ImportsContextCustomizer@9353778 key = [org.springframework.boot.autoconfigure.cache.CacheAutoConfiguration, org.springframework.boot.autoconfigure.context.MessageSourceAutoConfiguration, org.springframework.boot.autoconfigure.freemarker.FreeMarkerAutoConfiguration, org.springframework.boot.autoconfigure.groovy.template.GroovyTemplateAutoConfiguration, org.springframework.boot.autoconfigure.gson.GsonAutoConfiguration, org.springframework.boot.autoconfigure.hateoas.HypermediaAutoConfiguration, org.springframework.boot.autoconfigure.http.HttpMessageConvertersAutoConfiguration, org.springframework.boot.autoconfigure.jackson.JacksonAutoConfiguration, org.springframework.boot.autoconfigure.jsonb.JsonbAutoConfiguration, org.springframework.boot.autoconfigure.mustache.MustacheAutoConfiguration, org.springframework.boot.autoconfigure.thymeleaf.ThymeleafAutoConfiguration, org.springframework.boot.autoconfigure.validation.ValidationAutoConfiguration, org.springframework.boot.autoconfigure.web.servlet.error.ErrorMvcAutoConfiguration, org.springframework.boot.autoconfigure.web.servlet.WebMvcAutoConfiguration, org.springframework.boot.test.autoconfigure.web.servlet.MockMvcAutoConfiguration, org.springframework.boot.test.autoconfigure.web.servlet.MockMvcSecurityAutoConfiguration, org.springframework.boot.test.autoconfigure.web.servlet.MockMvcWebClientAutoConfiguration, org.springframework.boot.test.autoconfigure.web.servlet.MockMvcWebDriverAutoConfiguration]], org.springframework.boot.test.context.filter.ExcludeFilterContextCustomizer@701fc37a, org.springframework.boot.test.json.DuplicateJsonObjectContextCustomizerFactory$DuplicateJsonObjectContextCustomizer@7fad8c79, org.springframework.boot.test.mock.mockito.MockitoContextCustomizer@0, org.springframework.boot.test.autoconfigure.OverrideAutoConfigurationContextCustomizerFactory$DisableAutoConfigurationContextCustomizer@6b67034, org.springframework.boot.test.autoconfigure.filter.TypeExcludeFiltersContextCustomizer@c328c510, org.springframework.boot.test.autoconfigure.properties.PropertyMappingContextCustomizer@fca037a8, org.springframework.boot.test.autoconfigure.web.servlet.WebDriverContextCustomizerFactory$Customizer@29ba4338], resourceBasePath = '', contextLoader = 'org.springframework.boot.test.context.SpringBootContextLoader', parent = [null]], attributes = map[[empty]]], class annotated with @DirtiesContext [false] with mode [null].
01:12:33.249 [main] DEBUG org.springframework.test.annotation.ProfileValueUtils - Retrieved @ProfileValueSourceConfiguration [null] for test class [Controllers.ApplicationTest]
01:12:33.249 [main] DEBUG org.springframework.test.annotation.ProfileValueUtils - Retrieved ProfileValueSource type [class org.springframework.test.annotation.SystemProfileValueSource] for class [Controllers.ApplicationTest]
01:12:33.257 [main] DEBUG org.springframework.test.context.support.DependencyInjectionTestExecutionListener - Performing dependency injection for test context [[DefaultTestContext@7e0b85f9 testClass = ApplicationTest, testInstance = Controllers.ApplicationTest@4f209819, testMethod = [null], testException = [null], mergedContextConfiguration = [WebMergedContextConfiguration@63355449 testClass = ApplicationTest, locations = '{}', classes = '{class Controllers.Application}', contextInitializerClasses = '[]', activeProfiles = '{}', propertySourceLocations = '{}', propertySourceProperties = '{org.springframework.boot.test.autoconfigure.web.servlet.WebMvcTestContextBootstrapper=true}', contextCustomizers = set[[ImportsContextCustomizer@9353778 key = [org.springframework.boot.autoconfigure.cache.CacheAutoConfiguration, org.springframework.boot.autoconfigure.context.MessageSourceAutoConfiguration, org.springframework.boot.autoconfigure.freemarker.FreeMarkerAutoConfiguration, org.springframework.boot.autoconfigure.groovy.template.GroovyTemplateAutoConfiguration, org.springframework.boot.autoconfigure.gson.GsonAutoConfiguration, org.springframework.boot.autoconfigure.hateoas.HypermediaAutoConfiguration, org.springframework.boot.autoconfigure.http.HttpMessageConvertersAutoConfiguration, org.springframework.boot.autoconfigure.jackson.JacksonAutoConfiguration, org.springframework.boot.autoconfigure.jsonb.JsonbAutoConfiguration, org.springframework.boot.autoconfigure.mustache.MustacheAutoConfiguration, org.springframework.boot.autoconfigure.thymeleaf.ThymeleafAutoConfiguration, org.springframework.boot.autoconfigure.validation.ValidationAutoConfiguration, org.springframework.boot.autoconfigure.web.servlet.error.ErrorMvcAutoConfiguration, org.springframework.boot.autoconfigure.web.servlet.WebMvcAutoConfiguration, org.springframework.boot.test.autoconfigure.web.servlet.MockMvcAutoConfiguration, org.springframework.boot.test.autoconfigure.web.servlet.MockMvcSecurityAutoConfiguration, org.springframework.boot.test.autoconfigure.web.servlet.MockMvcWebClientAutoConfiguration, org.springframework.boot.test.autoconfigure.web.servlet.MockMvcWebDriverAutoConfiguration]], org.springframework.boot.test.context.filter.ExcludeFilterContextCustomizer@701fc37a, org.springframework.boot.test.json.DuplicateJsonObjectContextCustomizerFactory$DuplicateJsonObjectContextCustomizer@7fad8c79, org.springframework.boot.test.mock.mockito.MockitoContextCustomizer@0, org.springframework.boot.test.autoconfigure.OverrideAutoConfigurationContextCustomizerFactory$DisableAutoConfigurationContextCustomizer@6b67034, org.springframework.boot.test.autoconfigure.filter.TypeExcludeFiltersContextCustomizer@c328c510, org.springframework.boot.test.autoconfigure.properties.PropertyMappingContextCustomizer@fca037a8, org.springframework.boot.test.autoconfigure.web.servlet.WebDriverContextCustomizerFactory$Customizer@29ba4338], resourceBasePath = '', contextLoader = 'org.springframework.boot.test.context.SpringBootContextLoader', parent = [null]], attributes = map[[empty]]]].
01:12:33.321 [main] DEBUG org.springframework.core.env.StandardEnvironment - Adding PropertySource 'systemProperties' with lowest search precedence
01:12:33.321 [main] DEBUG org.springframework.core.env.StandardEnvironment - Adding PropertySource 'systemEnvironment' with lowest search precedence
01:12:33.325 [main] DEBUG org.springframework.core.env.StandardEnvironment - Initialized StandardEnvironment with PropertySources [MapPropertySource@1818544933 {name='systemProperties', properties={java.runtime.name=Java(TM) SE Runtime Environment, sun.boot.library.path=C:\Program Files\Java\jdk1.8.0_161\jre\bin, java.vm.version=25.161-b12, user.country.format=KE, java.vm.vendor=Oracle Corporation, java.vendor.url=http://java.oracle.com/, path.separator=;, java.vm.name=Java HotSpot(TM) 64-Bit Server VM, file.encoding.pkg=sun.io, user.country=US, user.script=, sun.java.launcher=SUN_STANDARD, sun.os.patch.level=, java.vm.specification.name=Java Virtual Machine Specification, user.dir=D:\My Data\jobs\InM\chrisInM, java.runtime.version=1.8.0_161-b12, basedir=D:\My Data\jobs\InM\chrisInM, java.awt.graphicsenv=sun.awt.Win32GraphicsEnvironment, java.endorsed.dirs=C:\Program Files\Java\jdk1.8.0_161\jre\lib\endorsed, os.arch=amd64, surefire.real.class.path=C:\WINNT\Temp\surefire1863560012264565889\surefirebooter7713602252418258941.jar, java.io.tmpdir=C:\WINNT\Temp\, line.separator=
, java.vm.specification.vendor=Oracle Corporation, user.variant=, os.name=Windows 10, sun.jnu.encoding=Cp1252, java.library.path=C:\Program Files\Java\jdk1.8.0_161\jre\bin;C:\Windows\Sun\Java\bin;C:\Windows\system32;C:\Windows;C:\Program Files (x86)\Common Files\Oracle\Java\javapath;C:\OraHome_3\bin;C:\OraHome_3\jre\1.4.2\bin\client;C:\OraHome_3\jre\1.4.2\bin;C:\DevSuiteHome_3\jdk\jre\bin\classic;C:\DevSuiteHome_3\jdk\jre\bin;C:\DevSuiteHome_3\jdk\jre\bin\client;C:\DevSuiteHome_3\jlib;C:\DevSuiteHome_3\bin;C:\DevSuiteHome_3\jre\1.4.2\bin\client;C:\DevSuiteHome_3\jre\1.4.2\bin;D:\DevSuiteHome_2\jdk\jre\bin\classic;D:\DevSuiteHome_2\jdk\jre\bin;D:\DevSuiteHome_2\jdk\jre\bin\client;D:\DevSuiteHome_2\jlib;D:\DevSuiteHome_2\bin;D:\DevSuiteHome_2\jre\1.4.2\bin\client;D:\DevSuiteHome_2\jre\1.4.2\bin;C:\Program Files (x86)\Common Files\NetSarang;C:\OraHome_1\bin;C:\tibco\tibrv\8.4\bin;C:\Program Files (x86)\Common Files\Quest Shared\instantclient-basic-nt-12.2.0.1.0;C:\Program Files (x86)\Common Files\Quest Shared\p9879989_R12_GENERIC;C:\Program Files (x86)\Common Files\Quest Shared\instantclient-jdbc-nt-12.2.0.1.0;C:\ProgramData\Oracle\Java\javapath;C:\Windows\system32;C:\Windows;C:\Windows\System32\Wbem;C:\Windows\System32\WindowsPowerShell\v1.0\;C:\Program Files\PuTTY\;C:\Users\ckibuchi1\AppData\Local\Microsoft\WindowsApps;C:\Program Files\Git\cmd;C:\Program Files\Java\jdk1.8.0_161;C:\Program Files\Java\jdk1.8.0_161\bin;C:\Program Files\dotnet\;C:\Program Files\Microsoft SQL Server\130\Tools\Binn\;C:\Program Files (x86)\Microsoft SQL Server\150\DTS\Binn\;C:\xampp\php;C:\ProgramData\ComposerSetup\bin;C:\Users\ckibuchi1\AppData\Local\Microsoft\WindowsApps;C:\oracle\instantclient_12_1;C:\Program Files\Docker\Docker\resources\bin;C:\Program Files\Java\jdk1.8.0_161;C:\Program Files\Java\jdk1.8.0_161\bin;C:\oracle\Middleware\Oracle_Home\OPatch;C:\Users\ckibuchi1\AppData\Roaming\Composer\vendor\bin;., surefire.test.class.path=D:\My Data\jobs\InM\chrisInM\target\test-classes;D:\My Data\jobs\InM\chrisInM\target\classes;C:\Users\ckibuchi1\.m2\repository\org\springframework\boot\spring-boot-starter-web\2.0.5.RELEASE\spring-boot-starter-web-2.0.5.RELEASE.jar;C:\Users\ckibuchi1\.m2\repository\org\springframework\boot\spring-boot-starter-json\2.0.5.RELEASE\spring-boot-starter-json-2.0.5.RELEASE.jar;C:\Users\ckibuchi1\.m2\repository\com\fasterxml\jackson\core\jackson-databind\2.9.6\jackson-databind-2.9.6.jar;C:\Users\ckibuchi1\.m2\repository\com\fasterxml\jackson\core\jackson-annotations\2.9.0\jackson-annotations-2.9.0.jar;C:\Users\ckibuchi1\.m2\repository\com\fasterxml\jackson\core\jackson-core\2.9.6\jackson-core-2.9.6.jar;C:\Users\ckibuchi1\.m2\repository\com\fasterxml\jackson\datatype\jackson-datatype-jdk8\2.9.6\jackson-datatype-jdk8-2.9.6.jar;C:\Users\ckibuchi1\.m2\repository\com\fasterxml\jackson\datatype\jackson-datatype-jsr310\2.9.6\jackson-datatype-jsr310-2.9.6.jar;C:\Users\ckibuchi1\.m2\repository\com\fasterxml\jackson\module\jackson-module-parameter-names\2.9.6\jackson-module-parameter-names-2.9.6.jar;C:\Users\ckibuchi1\.m2\repository\org\springframework\boot\spring-boot-starter-tomcat\2.0.5.RELEASE\spring-boot-starter-tomcat-2.0.5.RELEASE.jar;C:\Users\ckibuchi1\.m2\repository\org\apache\tomcat\embed\tomcat-embed-core\8.5.34\tomcat-embed-core-8.5.34.jar;C:\Users\ckibuchi1\.m2\repository\org\apache\tomcat\embed\tomcat-embed-el\8.5.34\tomcat-embed-el-8.5.34.jar;C:\Users\ckibuchi1\.m2\repository\org\apache\tomcat\embed\tomcat-embed-websocket\8.5.34\tomcat-embed-websocket-8.5.34.jar;C:\Users\ckibuchi1\.m2\repository\org\hibernate\validator\hibernate-validator\6.0.12.Final\hibernate-validator-6.0.12.Final.jar;C:\Users\ckibuchi1\.m2\repository\javax\validation\validation-api\2.0.1.Final\validation-api-2.0.1.Final.jar;C:\Users\ckibuchi1\.m2\repository\org\jboss\logging\jboss-logging\3.3.2.Final\jboss-logging-3.3.2.Final.jar;C:\Users\ckibuchi1\.m2\repository\com\fasterxml\classmate\1.3.4\classmate-1.3.4.jar;C:\Users\ckibuchi1\.m2\repository\org\springframework\spring-web\5.0.9.RELEASE\spring-web-5.0.9.RELEASE.jar;C:\Users\ckibuchi1\.m2\repository\org\springframework\spring-beans\5.0.9.RELEASE\spring-beans-5.0.9.RELEASE.jar;C:\Users\ckibuchi1\.m2\repository\org\springframework\spring-webmvc\5.0.9.RELEASE\spring-webmvc-5.0.9.RELEASE.jar;C:\Users\ckibuchi1\.m2\repository\org\springframework\spring-aop\5.0.9.RELEASE\spring-aop-5.0.9.RELEASE.jar;C:\Users\ckibuchi1\.m2\repository\org\springframework\spring-context\5.0.9.RELEASE\spring-context-5.0.9.RELEASE.jar;C:\Users\ckibuchi1\.m2\repository\org\springframework\spring-expression\5.0.9.RELEASE\spring-expression-5.0.9.RELEASE.jar;C:\Users\ckibuchi1\.m2\repository\org\springframework\boot\spring-boot-starter-freemarker\2.0.5.RELEASE\spring-boot-starter-freemarker-2.0.5.RELEASE.jar;C:\Users\ckibuchi1\.m2\repository\org\freemarker\freemarker\2.3.28\freemarker-2.3.28.jar;C:\Users\ckibuchi1\.m2\repository\org\springframework\spring-context-support\5.0.9.RELEASE\spring-context-support-5.0.9.RELEASE.jar;C:\Users\ckibuchi1\.m2\repository\org\springframework\boot\spring-boot-devtools\2.0.5.RELEASE\spring-boot-devtools-2.0.5.RELEASE.jar;C:\Users\ckibuchi1\.m2\repository\org\springframework\boot\spring-boot\2.0.5.RELEASE\spring-boot-2.0.5.RELEASE.jar;C:\Users\ckibuchi1\.m2\repository\org\springframework\boot\spring-boot-starter-test\2.0.5.RELEASE\spring-boot-starter-test-2.0.5.RELEASE.jar;C:\Users\ckibuchi1\.m2\repository\org\springframework\boot\spring-boot-test\2.0.5.RELEASE\spring-boot-test-2.0.5.RELEASE.jar;C:\Users\ckibuchi1\.m2\repository\org\springframework\boot\spring-boot-test-autoconfigure\2.0.5.RELEASE\spring-boot-test-autoconfigure-2.0.5.RELEASE.jar;C:\Users\ckibuchi1\.m2\repository\com\jayway\jsonpath\json-path\2.4.0\json-path-2.4.0.jar;C:\Users\ckibuchi1\.m2\repository\net\minidev\json-smart\2.3\json-smart-2.3.jar;C:\Users\ckibuchi1\.m2\repository\net\minidev\accessors-smart\1.2\accessors-smart-1.2.jar;C:\Users\ckibuchi1\.m2\repository\org\ow2\asm\asm\5.0.4\asm-5.0.4.jar;C:\Users\ckibuchi1\.m2\repository\org\slf4j\slf4j-api\1.7.25\slf4j-api-1.7.25.jar;C:\Users\ckibuchi1\.m2\repository\junit\junit\4.12\junit-4.12.jar;C:\Users\ckibuchi1\.m2\repository\org\assertj\assertj-core\3.9.1\assertj-core-3.9.1.jar;C:\Users\ckibuchi1\.m2\repository\org\mockito\mockito-core\2.15.0\mockito-core-2.15.0.jar;C:\Users\ckibuchi1\.m2\repository\net\bytebuddy\byte-buddy\1.7.11\byte-buddy-1.7.11.jar;C:\Users\ckibuchi1\.m2\repository\net\bytebuddy\byte-buddy-agent\1.7.11\byte-buddy-agent-1.7.11.jar;C:\Users\ckibuchi1\.m2\repository\org\objenesis\objenesis\2.6\objenesis-2.6.jar;C:\Users\ckibuchi1\.m2\repository\org\hamcrest\hamcrest-core\1.3\hamcrest-core-1.3.jar;C:\Users\ckibuchi1\.m2\repository\org\hamcrest\hamcrest-library\1.3\hamcrest-library-1.3.jar;C:\Users\ckibuchi1\.m2\repository\org\skyscreamer\jsonassert\1.5.0\jsonassert-1.5.0.jar;C:\Users\ckibuchi1\.m2\repository\com\vaadin\external\google\android-json\0.0.20131108.vaadin1\android-json-0.0.20131108.vaadin1.jar;C:\Users\ckibuchi1\.m2\repository\org\springframework\spring-core\5.0.9.RELEASE\spring-core-5.0.9.RELEASE.jar;C:\Users\ckibuchi1\.m2\repository\org\springframework\spring-jcl\5.0.9.RELEASE\spring-jcl-5.0.9.RELEASE.jar;C:\Users\ckibuchi1\.m2\repository\org\springframework\spring-test\5.0.9.RELEASE\spring-test-5.0.9.RELEASE.jar;C:\Users\ckibuchi1\.m2\repository\org\xmlunit\xmlunit-core\2.5.1\xmlunit-core-2.5.1.jar;C:\Users\ckibuchi1\.m2\repository\com\squareup\okhttp3\okhttp\3.9.0\okhttp-3.9.0.jar;C:\Users\ckibuchi1\.m2\repository\com\squareup\okio\okio\1.13.0\okio-1.13.0.jar;C:\Users\ckibuchi1\.m2\repository\org\json\json\20180130\json-20180130.jar;C:\Users\ckibuchi1\.m2\repository\org\springframework\boot\spring-boot-autoconfigure\2.0.5.RELEASE\spring-boot-autoconfigure-2.0.5.RELEASE.jar;C:\Users\ckibuchi1\.m2\repository\org\springframework\boot\spring-boot-starter\2.0.5.RELEASE\spring-boot-starter-2.0.5.RELEASE.jar;C:\Users\ckibuchi1\.m2\repository\org\springframework\boot\spring-boot-starter-logging\2.0.5.RELEASE\spring-boot-starter-logging-2.0.5.RELEASE.jar;C:\Users\ckibuchi1\.m2\repository\ch\qos\logback\logback-classic\1.2.3\logback-classic-1.2.3.jar;C:\Users\ckibuchi1\.m2\repository\ch\qos\logback\logback-core\1.2.3\logback-core-1.2.3.jar;C:\Users\ckibuchi1\.m2\repository\org\apache\logging\log4j\log4j-to-slf4j\2.10.0\log4j-to-slf4j-2.10.0.jar;C:\Users\ckibuchi1\.m2\repository\org\apache\logging\log4j\log4j-api\2.10.0\log4j-api-2.10.0.jar;C:\Users\ckibuchi1\.m2\repository\org\slf4j\jul-to-slf4j\1.7.25\jul-to-slf4j-1.7.25.jar;C:\Users\ckibuchi1\.m2\repository\javax\annotation\javax.annotation-api\1.3.2\javax.annotation-api-1.3.2.jar;C:\Users\ckibuchi1\.m2\repository\org\yaml\snakeyaml\1.19\snakeyaml-1.19.jar;C:\Users\ckibuchi1\.m2\repository\org\springframework\boot\spring-boot-starter-thymeleaf\2.0.5.RELEASE\spring-boot-starter-thymeleaf-2.0.5.RELEASE.jar;C:\Users\ckibuchi1\.m2\repository\org\thymeleaf\thymeleaf-spring5\3.0.9.RELEASE\thymeleaf-spring5-3.0.9.RELEASE.jar;C:\Users\ckibuchi1\.m2\repository\org\thymeleaf\thymeleaf\3.0.9.RELEASE\thymeleaf-3.0.9.RELEASE.jar;C:\Users\ckibuchi1\.m2\repository\org\attoparser\attoparser\2.0.4.RELEASE\attoparser-2.0.4.RELEASE.jar;C:\Users\ckibuchi1\.m2\repository\org\unbescape\unbescape\1.1.5.RELEASE\unbescape-1.1.5.RELEASE.jar;C:\Users\ckibuchi1\.m2\repository\org\thymeleaf\extras\thymeleaf-extras-java8time\3.0.1.RELEASE\thymeleaf-extras-java8time-3.0.1.RELEASE.jar;C:\Users\ckibuchi1\.m2\repository\com\google\code\gson\gson\2.8.5\gson-2.8.5.jar;, java.specification.name=Java Platform API Specification, java.class.version=52.0, sun.management.compiler=HotSpot 64-Bit Tiered Compilers, os.version=10.0, user.home=C:\Users\ckibuchi1, user.timezone=Africa/Nairobi, java.awt.printerjob=sun.awt.windows.WPrinterJob, file.encoding=Cp1252, java.specification.version=1.8, java.class.path=D:\My Data\jobs\InM\chrisInM\target\test-classes;D:\My Data\jobs\InM\chrisInM\target\classes;C:\Users\ckibuchi1\.m2\repository\org\springframework\boot\spring-boot-starter-web\2.0.5.RELEASE\spring-boot-starter-web-2.0.5.RELEASE.jar;C:\Users\ckibuchi1\.m2\repository\org\springframework\boot\spring-boot-starter-json\2.0.5.RELEASE\spring-boot-starter-json-2.0.5.RELEASE.jar;C:\Users\ckibuchi1\.m2\repository\com\fasterxml\jackson\core\jackson-databind\2.9.6\jackson-databind-2.9.6.jar;C:\Users\ckibuchi1\.m2\repository\com\fasterxml\jackson\core\jackson-annotations\2.9.0\jackson-annotations-2.9.0.jar;C:\Users\ckibuchi1\.m2\repository\com\fasterxml\jackson\core\jackson-core\2.9.6\jackson-core-2.9.6.jar;C:\Users\ckibuchi1\.m2\repository\com\fasterxml\jackson\datatype\jackson-datatype-jdk8\2.9.6\jackson-datatype-jdk8-2.9.6.jar;C:\Users\ckibuchi1\.m2\repository\com\fasterxml\jackson\datatype\jackson-datatype-jsr310\2.9.6\jackson-datatype-jsr310-2.9.6.jar;C:\Users\ckibuchi1\.m2\repository\com\fasterxml\jackson\module\jackson-module-parameter-names\2.9.6\jackson-module-parameter-names-2.9.6.jar;C:\Users\ckibuchi1\.m2\repository\org\springframework\boot\spring-boot-starter-tomcat\2.0.5.RELEASE\spring-boot-starter-tomcat-2.0.5.RELEASE.jar;C:\Users\ckibuchi1\.m2\repository\org\apache\tomcat\embed\tomcat-embed-core\8.5.34\tomcat-embed-core-8.5.34.jar;C:\Users\ckibuchi1\.m2\repository\org\apache\tomcat\embed\tomcat-embed-el\8.5.34\tomcat-embed-el-8.5.34.jar;C:\Users\ckibuchi1\.m2\repository\org\apache\tomcat\embed\tomcat-embed-websocket\8.5.34\tomcat-embed-websocket-8.5.34.jar;C:\Users\ckibuchi1\.m2\repository\org\hibernate\validator\hibernate-validator\6.0.12.Final\hibernate-validator-6.0.12.Final.jar;C:\Users\ckibuchi1\.m2\repository\javax\validation\validation-api\2.0.1.Final\validation-api-2.0.1.Final.jar;C:\Users\ckibuchi1\.m2\repository\org\jboss\logging\jboss-logging\3.3.2.Final\jboss-logging-3.3.2.Final.jar;C:\Users\ckibuchi1\.m2\repository\com\fasterxml\classmate\1.3.4\classmate-1.3.4.jar;C:\Users\ckibuchi1\.m2\repository\org\springframework\spring-web\5.0.9.RELEASE\spring-web-5.0.9.RELEASE.jar;C:\Users\ckibuchi1\.m2\repository\org\springframework\spring-beans\5.0.9.RELEASE\spring-beans-5.0.9.RELEASE.jar;C:\Users\ckibuchi1\.m2\repository\org\springframework\spring-webmvc\5.0.9.RELEASE\spring-webmvc-5.0.9.RELEASE.jar;C:\Users\ckibuchi1\.m2\repository\org\springframework\spring-aop\5.0.9.RELEASE\spring-aop-5.0.9.RELEASE.jar;C:\Users\ckibuchi1\.m2\repository\org\springframework\spring-context\5.0.9.RELEASE\spring-context-5.0.9.RELEASE.jar;C:\Users\ckibuchi1\.m2\repository\org\springframework\spring-expression\5.0.9.RELEASE\spring-expression-5.0.9.RELEASE.jar;C:\Users\ckibuchi1\.m2\repository\org\springframework\boot\spring-boot-starter-freemarker\2.0.5.RELEASE\spring-boot-starter-freemarker-2.0.5.RELEASE.jar;C:\Users\ckibuchi1\.m2\repository\org\freemarker\freemarker\2.3.28\freemarker-2.3.28.jar;C:\Users\ckibuchi1\.m2\repository\org\springframework\spring-context-support\5.0.9.RELEASE\spring-context-support-5.0.9.RELEASE.jar;C:\Users\ckibuchi1\.m2\repository\org\springframework\boot\spring-boot-devtools\2.0.5.RELEASE\spring-boot-devtools-2.0.5.RELEASE.jar;C:\Users\ckibuchi1\.m2\repository\org\springframework\boot\spring-boot\2.0.5.RELEASE\spring-boot-2.0.5.RELEASE.jar;C:\Users\ckibuchi1\.m2\repository\org\springframework\boot\spring-boot-starter-test\2.0.5.RELEASE\spring-boot-starter-test-2.0.5.RELEASE.jar;C:\Users\ckibuchi1\.m2\repository\org\springframework\boot\spring-boot-test\2.0.5.RELEASE\spring-boot-test-2.0.5.RELEASE.jar;C:\Users\ckibuchi1\.m2\repository\org\springframework\boot\spring-boot-test-autoconfigure\2.0.5.RELEASE\spring-boot-test-autoconfigure-2.0.5.RELEASE.jar;C:\Users\ckibuchi1\.m2\repository\com\jayway\jsonpath\json-path\2.4.0\json-path-2.4.0.jar;C:\Users\ckibuchi1\.m2\repository\net\minidev\json-smart\2.3\json-smart-2.3.jar;C:\Users\ckibuchi1\.m2\repository\net\minidev\accessors-smart\1.2\accessors-smart-1.2.jar;C:\Users\ckibuchi1\.m2\repository\org\ow2\asm\asm\5.0.4\asm-5.0.4.jar;C:\Users\ckibuchi1\.m2\repository\org\slf4j\slf4j-api\1.7.25\slf4j-api-1.7.25.jar;C:\Users\ckibuchi1\.m2\repository\junit\junit\4.12\junit-4.12.jar;C:\Users\ckibuchi1\.m2\repository\org\assertj\assertj-core\3.9.1\assertj-core-3.9.1.jar;C:\Users\ckibuchi1\.m2\repository\org\mockito\mockito-core\2.15.0\mockito-core-2.15.0.jar;C:\Users\ckibuchi1\.m2\repository\net\bytebuddy\byte-buddy\1.7.11\byte-buddy-1.7.11.jar;C:\Users\ckibuchi1\.m2\repository\net\bytebuddy\byte-buddy-agent\1.7.11\byte-buddy-agent-1.7.11.jar;C:\Users\ckibuchi1\.m2\repository\org\objenesis\objenesis\2.6\objenesis-2.6.jar;C:\Users\ckibuchi1\.m2\repository\org\hamcrest\hamcrest-core\1.3\hamcrest-core-1.3.jar;C:\Users\ckibuchi1\.m2\repository\org\hamcrest\hamcrest-library\1.3\hamcrest-library-1.3.jar;C:\Users\ckibuchi1\.m2\repository\org\skyscreamer\jsonassert\1.5.0\jsonassert-1.5.0.jar;C:\Users\ckibuchi1\.m2\repository\com\vaadin\external\google\android-json\0.0.20131108.vaadin1\android-json-0.0.20131108.vaadin1.jar;C:\Users\ckibuchi1\.m2\repository\org\springframework\spring-core\5.0.9.RELEASE\spring-core-5.0.9.RELEASE.jar;C:\Users\ckibuchi1\.m2\repository\org\springframework\spring-jcl\5.0.9.RELEASE\spring-jcl-5.0.9.RELEASE.jar;C:\Users\ckibuchi1\.m2\repository\org\springframework\spring-test\5.0.9.RELEASE\spring-test-5.0.9.RELEASE.jar;C:\Users\ckibuchi1\.m2\repository\org\xmlunit\xmlunit-core\2.5.1\xmlunit-core-2.5.1.jar;C:\Users\ckibuchi1\.m2\repository\com\squareup\okhttp3\okhttp\3.9.0\okhttp-3.9.0.jar;C:\Users\ckibuchi1\.m2\repository\com\squareup\okio\okio\1.13.0\okio-1.13.0.jar;C:\Users\ckibuchi1\.m2\repository\org\json\json\20180130\json-20180130.jar;C:\Users\ckibuchi1\.m2\repository\org\springframework\boot\spring-boot-autoconfigure\2.0.5.RELEASE\spring-boot-autoconfigure-2.0.5.RELEASE.jar;C:\Users\ckibuchi1\.m2\repository\org\springframework\boot\spring-boot-starter\2.0.5.RELEASE\spring-boot-starter-2.0.5.RELEASE.jar;C:\Users\ckibuchi1\.m2\repository\org\springframework\boot\spring-boot-starter-logging\2.0.5.RELEASE\spring-boot-starter-logging-2.0.5.RELEASE.jar;C:\Users\ckibuchi1\.m2\repository\ch\qos\logback\logback-classic\1.2.3\logback-classic-1.2.3.jar;C:\Users\ckibuchi1\.m2\repository\ch\qos\logback\logback-core\1.2.3\logback-core-1.2.3.jar;C:\Users\ckibuchi1\.m2\repository\org\apache\logging\log4j\log4j-to-slf4j\2.10.0\log4j-to-slf4j-2.10.0.jar;C:\Users\ckibuchi1\.m2\repository\org\apache\logging\log4j\log4j-api\2.10.0\log4j-api-2.10.0.jar;C:\Users\ckibuchi1\.m2\repository\org\slf4j\jul-to-slf4j\1.7.25\jul-to-slf4j-1.7.25.jar;C:\Users\ckibuchi1\.m2\repository\javax\annotation\javax.annotation-api\1.3.2\javax.annotation-api-1.3.2.jar;C:\Users\ckibuchi1\.m2\repository\org\yaml\snakeyaml\1.19\snakeyaml-1.19.jar;C:\Users\ckibuchi1\.m2\repository\org\springframework\boot\spring-boot-starter-thymeleaf\2.0.5.RELEASE\spring-boot-starter-thymeleaf-2.0.5.RELEASE.jar;C:\Users\ckibuchi1\.m2\repository\org\thymeleaf\thymeleaf-spring5\3.0.9.RELEASE\thymeleaf-spring5-3.0.9.RELEASE.jar;C:\Users\ckibuchi1\.m2\repository\org\thymeleaf\thymeleaf\3.0.9.RELEASE\thymeleaf-3.0.9.RELEASE.jar;C:\Users\ckibuchi1\.m2\repository\org\attoparser\attoparser\2.0.4.RELEASE\attoparser-2.0.4.RELEASE.jar;C:\Users\ckibuchi1\.m2\repository\org\unbescape\unbescape\1.1.5.RELEASE\unbescape-1.1.5.RELEASE.jar;C:\Users\ckibuchi1\.m2\repository\org\thymeleaf\extras\thymeleaf-extras-java8time\3.0.1.RELEASE\thymeleaf-extras-java8time-3.0.1.RELEASE.jar;C:\Users\ckibuchi1\.m2\repository\com\google\code\gson\gson\2.8.5\gson-2.8.5.jar;, user.name=CKIBUCHI1, java.vm.specification.version=1.8, sun.java.command=C:\WINNT\Temp\surefire1863560012264565889\surefirebooter7713602252418258941.jar C:\WINNT\Temp\surefire1863560012264565889 2019-01-30T01-12-28_620-jvmRun1 surefire2353463460918693968tmp surefire_02854220354388419456tmp, java.home=C:\Program Files\Java\jdk1.8.0_161\jre, sun.arch.data.model=64, user.language=en, java.specification.vendor=Oracle Corporation, awt.toolkit=sun.awt.windows.WToolkit, java.vm.info=mixed mode, java.version=1.8.0_161, java.ext.dirs=C:\Program Files\Java\jdk1.8.0_161\jre\lib\ext;C:\Windows\Sun\Java\lib\ext, sun.boot.class.path=C:\Program Files\Java\jdk1.8.0_161\jre\lib\resources.jar;C:\Program Files\Java\jdk1.8.0_161\jre\lib\rt.jar;C:\Program Files\Java\jdk1.8.0_161\jre\lib\sunrsasign.jar;C:\Program Files\Java\jdk1.8.0_161\jre\lib\jsse.jar;C:\Program Files\Java\jdk1.8.0_161\jre\lib\jce.jar;C:\Program Files\Java\jdk1.8.0_161\jre\lib\charsets.jar;C:\Program Files\Java\jdk1.8.0_161\jre\lib\jfr.jar;C:\Program Files\Java\jdk1.8.0_161\jre\classes, java.vendor=Sun Microsystems Inc., localRepository=C:\Users\ckibuchi1\.m2\repository, file.separator=\, java.vendor.url.bug=http://bugreport.sun.com/bugreport/, sun.io.unicode.encoding=UnicodeLittle, sun.cpu.endian=little, sun.desktop=windows, sun.cpu.isalist=amd64}}, SystemEnvironmentPropertySource@1793436274 {name='systemEnvironment', properties={PATH=C:\Program Files (x86)\Common Files\Oracle\Java\javapath;C:\OraHome_3\bin;C:\OraHome_3\jre\1.4.2\bin\client;C:\OraHome_3\jre\1.4.2\bin;C:\DevSuiteHome_3\jdk\jre\bin\classic;C:\DevSuiteHome_3\jdk\jre\bin;C:\DevSuiteHome_3\jdk\jre\bin\client;C:\DevSuiteHome_3\jlib;C:\DevSuiteHome_3\bin;C:\DevSuiteHome_3\jre\1.4.2\bin\client;C:\DevSuiteHome_3\jre\1.4.2\bin;D:\DevSuiteHome_2\jdk\jre\bin\classic;D:\DevSuiteHome_2\jdk\jre\bin;D:\DevSuiteHome_2\jdk\jre\bin\client;D:\DevSuiteHome_2\jlib;D:\DevSuiteHome_2\bin;D:\DevSuiteHome_2\jre\1.4.2\bin\client;D:\DevSuiteHome_2\jre\1.4.2\bin;C:\Program Files (x86)\Common Files\NetSarang;C:\OraHome_1\bin;C:\tibco\tibrv\8.4\bin;C:\Program Files (x86)\Common Files\Quest Shared\instantclient-basic-nt-12.2.0.1.0;C:\Program Files (x86)\Common Files\Quest Shared\p9879989_R12_GENERIC;C:\Program Files (x86)\Common Files\Quest Shared\instantclient-jdbc-nt-12.2.0.1.0;C:\ProgramData\Oracle\Java\javapath;C:\Windows\system32;C:\Windows;C:\Windows\System32\Wbem;C:\Windows\System32\WindowsPowerShell\v1.0\;C:\Program Files\PuTTY\;C:\Users\ckibuchi1\AppData\Local\Microsoft\WindowsApps;C:\Program Files\Git\cmd;C:\Program Files\Java\jdk1.8.0_161;C:\Program Files\Java\jdk1.8.0_161\bin;C:\Program Files\dotnet\;C:\Program Files\Microsoft SQL Server\130\Tools\Binn\;C:\Program Files (x86)\Microsoft SQL Server\150\DTS\Binn\;C:\xampp\php;C:\ProgramData\ComposerSetup\bin;C:\Users\ckibuchi1\AppData\Local\Microsoft\WindowsApps;C:\oracle\instantclient_12_1;C:\Program Files\Docker\Docker\resources\bin;C:\Program Files\Java\jdk1.8.0_161;C:\Program Files\Java\jdk1.8.0_161\bin;C:\oracle\Middleware\Oracle_Home\OPatch;C:\Users\ckibuchi1\AppData\Roaming\Composer\vendor\bin, USERDOMAIN_ROAMINGPROFILE=SAFARICOM, PROCESSOR_LEVEL=6, SYSTEMDRIVE=C:, FORMS60_PATH= C:\Forms\visr12, SESSIONNAME=Console, ALLUSERSPROFILE=C:\ProgramData, PROCESSOR_ARCHITECTURE=AMD64, TNS_ADMIN=C:\oracle\instantclient_12_1, PROGRAMFILES=C:\Program Files, PSMODULEPATH=C:\Program Files\WindowsPowerShell\Modules;C:\Windows\system32\WindowsPowerShell\v1.0\Modules, PROGRAMDATA=C:\ProgramData, WRAPPER_LAUNCHER=org.apache.maven.wrapper.MavenWrapperMain, USERNAME=CKIBUCHI1, USERDNSDOMAIN=SAFARICOM.NET, WDIR=D:\My Data\jobs\InM\chrisInM, FPS_BROWSER_USER_PROFILE_STRING=Default, ONEDRIVE=C:\Users\ckibuchi1\OneDrive, PATHEXT=.COM;.EXE;.BAT;.CMD;.VBS;.VBE;.JS;.JSE;.WSF;.WSH;.MSC, WINDIR=C:\Windows, HOMEPATH=\Users\ckibuchi1, PROCESSOR_IDENTIFIER=Intel64 Family 6 Model 78 Stepping 3, GenuineIntel, MAVEN_JAVA_EXE="C:\Program Files\Java\jdk1.8.0_161\bin\java.exe", OCI_LIB64=C:\oracle\instantclient_12_1, PUBLIC=C:\Users\Public, =::=::\, FORMS_PATH= C:\Forms\visr12, LOCALAPPDATA=C:\Users\ckibuchi1\AppData\Local, COMMONPROGRAMFILES(X86)=C:\Program Files (x86)\Common Files, USERDOMAIN=SAFARICOM, FPS_BROWSER_APP_PROFILE_STRING=Internet Explorer, LOGONSERVER=\\SVDT5ADC01, JAVA_HOME=C:\Program Files\Java\jdk1.8.0_161, PROMPT=$P$G, PROGRAMFILES(X86)=C:\Program Files (x86), ERROR_CODE=0, EXEC_DIR=D:\My Data\jobs\InM\chrisInM, APPDATA=C:\Users\ckibuchi1\AppData\Roaming, JAVA_TOOL_OPTIONS=-Djava.vendor="Sun Microsystems Inc.", PROGRAMW6432=C:\Program Files, SYSTEMROOT=C:\Windows, D:\DEVSUITEHOME\PATCH_TOP=D:\DevSuiteHome\PATCH_TOP, MAVEN_CMD_LINE_ARGS=compile package, SPLICE_FOLDER=C:\Users\ckibuchi1\Documents\Splice, VBOX_MSI_INSTALL_PATH=C:\Program Files\Oracle\VirtualBox\, OS=Windows_NT, COMMONPROGRAMW6432=C:\Program Files\Common Files, COMPUTERNAME=LTTECH2000, COMMONPROGRAMFILES=C:\Program Files\Common Files, COMSPEC=C:\Windows\system32\cmd.exe, MAVEN_PROJECTBASEDIR=D:\My Data\jobs\InM\chrisInM, OPATCH=C:\oracle\Middleware\Oracle_Home\OPatch, PROCESSOR_REVISION=4e03, CLASSPATH=C:\tibco\tibrv\8.4\lib\tibrvnative.jar;, NLS_LANG=AMERICAN_AMERICA.WE8MSWIN1252, UATDATA=C:\Windows\CCM\UATData\D9F8C395-CAB8-491d-B8AC-179A1FE1BE77, WRAPPER_JAR="".\.mvn\wrapper\maven-wrapper.jar"", =D:=D:\My Data\jobs\InM\chrisInM, TEMP=C:\WINNT\Temp\, HOMEDRIVE=C:, USERPROFILE=C:\Users\ckibuchi1, TMP=C:\WINNT\Temp\, NUMBER_OF_PROCESSORS=4, HOME=C:\Users\ckibuchi1}}]
01:12:33.556 [main] DEBUG org.springframework.test.context.support.TestPropertySourceUtils - Adding inlined properties to environment: {spring.jmx.enabled=false, org.springframework.boot.test.autoconfigure.web.servlet.WebMvcTestContextBootstrapper=true, server.port=-1}
01:12:33.557 [main] DEBUG org.springframework.core.env.StandardEnvironment - Adding PropertySource 'Inlined Test Properties' with highest search precedence

  .   ____          _            __ _ _
 /\\ / ___'_ __ _ _(_)_ __  __ _ \ \ \ \
( ( )\___ | '_ | '_| | '_ \/ _` | \ \ \ \
 \\/  ___)| |_)| | | | | || (_| |  ) ) ) )
  '  |____| .__|_| |_|_| |_\__, | / / / /
 =========|_|==============|___/=/_/_/_/
 :: Spring Boot ::        (v2.0.5.RELEASE)

2019-01-30 01:12:34.050  WARN 15788 --- [           main] ory$DuplicateJsonObjectContextCustomizer : 

Found multiple occurrences of org.json.JSONObject on the class path:

	jar:file:/C:/Users/ckibuchi1/.m2/repository/com/vaadin/external/google/android-json/0.0.20131108.vaadin1/android-json-0.0.20131108.vaadin1.jar!/org/json/JSONObject.class
	jar:file:/C:/Users/ckibuchi1/.m2/repository/org/json/json/20180130/json-20180130.jar!/org/json/JSONObject.class

You may wish to exclude one of them to ensure predictable runtime behavior

2019-01-30 01:12:34.075  INFO 15788 --- [           main] Controllers.ApplicationTest              : Starting ApplicationTest on LTTECH2000 with PID 15788 (started by CKIBUCHI1 in D:\My Data\jobs\InM\chrisInM)
2019-01-30 01:12:34.080  INFO 15788 --- [           main] Controllers.ApplicationTest              : No active profile set, falling back to default profiles: default
2019-01-30 01:12:34.112  INFO 15788 --- [           main] o.s.w.c.s.GenericWebApplicationContext   : Refreshing org.springframework.web.context.support.GenericWebApplicationContext@20b2475a: startup date [Wed Jan 30 01:12:34 EAT 2019]; root of context hierarchy
2019-01-30 01:12:37.191  INFO 15788 --- [           main] o.s.w.s.handler.SimpleUrlHandlerMapping  : Mapped URL path [/**/favicon.ico] onto handler of type [class org.springframework.web.servlet.resource.ResourceHttpRequestHandler]
2019-01-30 01:12:37.595  INFO 15788 --- [           main] s.w.s.m.m.a.RequestMappingHandlerAdapter : Looking for @ControllerAdvice: org.springframework.web.context.support.GenericWebApplicationContext@20b2475a: startup date [Wed Jan 30 01:12:34 EAT 2019]; root of context hierarchy
2019-01-30 01:12:37.766  INFO 15788 --- [           main] s.w.s.m.m.a.RequestMappingHandlerMapping : Mapped "{[/updatefavorite],methods=[POST]}" onto public org.springframework.http.ResponseEntity<?> Controllers.MainController.updateFavorite(InM.Beans.PostBean,org.springframework.web.util.UriComponentsBuilder)
2019-01-30 01:12:37.767  INFO 15788 --- [           main] s.w.s.m.m.a.RequestMappingHandlerMapping : Mapped "{[/details],methods=[GET]}" onto public java.lang.String Controllers.MainController.details(org.springframework.ui.Model)
2019-01-30 01:12:37.770  INFO 15788 --- [           main] s.w.s.m.m.a.RequestMappingHandlerMapping : Mapped "{[/error]}" onto public org.springframework.http.ResponseEntity<java.util.Map<java.lang.String, java.lang.Object>> org.springframework.boot.autoconfigure.web.servlet.error.BasicErrorController.error(javax.servlet.http.HttpServletRequest)
2019-01-30 01:12:37.771  INFO 15788 --- [           main] s.w.s.m.m.a.RequestMappingHandlerMapping : Mapped "{[/error],produces=[text/html]}" onto public org.springframework.web.servlet.ModelAndView org.springframework.boot.autoconfigure.web.servlet.error.BasicErrorController.errorHtml(javax.servlet.http.HttpServletRequest,javax.servlet.http.HttpServletResponse)
2019-01-30 01:12:37.830  INFO 15788 --- [           main] o.s.w.s.handler.SimpleUrlHandlerMapping  : Mapped URL path [/webjars/**] onto handler of type [class org.springframework.web.servlet.resource.ResourceHttpRequestHandler]
2019-01-30 01:12:37.830  INFO 15788 --- [           main] o.s.w.s.handler.SimpleUrlHandlerMapping  : Mapped URL path [/**] onto handler of type [class org.springframework.web.servlet.resource.ResourceHttpRequestHandler]
2019-01-30 01:12:38.163  INFO 15788 --- [           main] o.s.b.a.w.s.WelcomePageHandlerMapping    : Adding welcome page: class path resource [static/index.html]
2019-01-30 01:12:38.398  INFO 15788 --- [           main] o.s.w.s.v.f.FreeMarkerConfigurer         : ClassTemplateLoader for Spring macros added to FreeMarker configuration
2019-01-30 01:12:38.705  INFO 15788 --- [           main] o.s.b.t.m.w.SpringBootMockServletContext : Initializing Spring FrameworkServlet ''
2019-01-30 01:12:38.705  INFO 15788 --- [           main] o.s.t.web.servlet.TestDispatcherServlet  : FrameworkServlet '': initialization started
2019-01-30 01:12:38.727  INFO 15788 --- [           main] o.s.t.web.servlet.TestDispatcherServlet  : FrameworkServlet '': initialization completed in 21 ms
2019-01-30 01:12:38.816  INFO 15788 --- [           main] Controllers.ApplicationTest              : Started ApplicationTest in 5.243 seconds (JVM running for 7.333)

MockHttpServletRequest:
      HTTP Method = GET
      Request URI = /index.html
       Parameters = {}
          Headers = {}
             Body = <no character encoding set>
    Session Attrs = {}

Handler:
             Type = org.springframework.web.servlet.resource.ResourceHttpRequestHandler

Async:
    Async started = false
     Async result = null

Resolved Exception:
             Type = null

ModelAndView:
        View name = null
             View = null
            Model = null

FlashMap:
       Attributes = null

MockHttpServletResponse:
           Status = 200
    Error message = null
          Headers = {Last-Modified=[Tue, 29 Jan 2019 20:48:11 GMT], Content-Length=[1969], Content-Type=[text/html], Accept-Ranges=[bytes]}
     Content type = text/html
             Body = <!DOCTYPE HTML>
<html ng-app="app">
<head>
    <title>Star Wars Characters</title>
    <meta http-equiv="Content-Type" content="text/html; charset=UTF-8"/>
    <script src="https://ajax.googleapis.com/ajax/libs/jquery/1.10.2/jquery.min.js"></script>
    <script
            src="https://ajax.googleapis.com/ajax/libs/angularjs/1.5.6/angular.min.js">
    </script>

    <script src="js/app.js"></script>
    <link href="http://netdna.bootstrapcdn.com/bootstrap/3.1.0/css/bootstrap.min.css" rel="stylesheet">
    <!-- <script src="https://ajax.googleapis.com/ajax/libs/jquery/3.3.1/jquery.min.js"></script>-->
    <script src="http://netdna.bootstrapcdn.com/bootstrap/3.1.0/js/bootstrap.min.js"></script>

    <style>
        tr:hover{
            cursor: pointer;
        }
        .heart {
            color:red;
        }
    </style>
</head>
<body>
<div class="container">
<div ng-controller="StarWarsCRUDCtrl" data-ng-init="getAllCharacters()">


    <br /> <br />
    <p style="color: green">{{message}}</p>
    <p style="color: red">{{errorMessage}}</p>

    <br />
    <br />
    <button ng-click="getAllCharacters()" type="button" class="btn btn-default btn-sm"><span class="glyphicon glyphicon-refresh"></span>Refresh</button><br />
    <br />
    <table class="table table-bordered">
        <thead>
        <tr>
            <th>Name</th>
            <th>Gender</th>
            <th>Eye Color</th>
            <th>Birth Year</th>
        </tr>
        </thead>
        <tbody>
        <!-- ng-click="goToDetails(char) -->
        <tr    ng-repeat="character in characters"  ng-click="goToDetails(character)">
            <td>{{character.name}}  <span ng-if="character.favourite=='1'" class="glyphicon glyphicon-heart heart fa fa-heart-o"></span> </td>
            <td>{{character.gender}}</td>
            <td>{{character.eye_color}}</td>
            <td>{{character.birth_year}}</td>
        </tr>
        </tbody>
    </table>

</div>
</div>
</body>

</html>
    Forwarded URL = null
   Redirected URL = null
          Cookies = []
]]></system-out>
  </testcase>
  <testcase name="greetingWithUser" classname="Controllers.ApplicationTest" time="0.029">
    <failure message="Response content&#10;Expected: a string containing &quot;Hello, Greg!&quot;&#10;     but: was &quot;&quot;" type="java.lang.AssertionError">java.lang.AssertionError: 
Response content
Expected: a string containing "Hello, Greg!"
     but: was ""
	at Controllers.ApplicationTest.greetingWithUser(ApplicationTest.java:53)
</failure>
    <system-out><![CDATA[
MockHttpServletRequest:
      HTTP Method = GET
      Request URI = /index.html
       Parameters = {}
          Headers = {}
             Body = <no character encoding set>
    Session Attrs = {}

Handler:
             Type = org.springframework.web.servlet.resource.ResourceHttpRequestHandler

Async:
    Async started = false
     Async result = null

Resolved Exception:
             Type = null

ModelAndView:
        View name = null
             View = null
            Model = null

FlashMap:
       Attributes = null

MockHttpServletResponse:
           Status = 200
    Error message = null
          Headers = {Last-Modified=[Tue, 29 Jan 2019 20:48:11 GMT], Content-Length=[1969], Content-Type=[text/html], Accept-Ranges=[bytes]}
     Content type = text/html
             Body = <!DOCTYPE HTML>
<html ng-app="app">
<head>
    <title>Star Wars Characters</title>
    <meta http-equiv="Content-Type" content="text/html; charset=UTF-8"/>
    <script src="https://ajax.googleapis.com/ajax/libs/jquery/1.10.2/jquery.min.js"></script>
    <script
            src="https://ajax.googleapis.com/ajax/libs/angularjs/1.5.6/angular.min.js">
    </script>

    <script src="js/app.js"></script>
    <link href="http://netdna.bootstrapcdn.com/bootstrap/3.1.0/css/bootstrap.min.css" rel="stylesheet">
    <!-- <script src="https://ajax.googleapis.com/ajax/libs/jquery/3.3.1/jquery.min.js"></script>-->
    <script src="http://netdna.bootstrapcdn.com/bootstrap/3.1.0/js/bootstrap.min.js"></script>

    <style>
        tr:hover{
            cursor: pointer;
        }
        .heart {
            color:red;
        }
    </style>
</head>
<body>
<div class="container">
<div ng-controller="StarWarsCRUDCtrl" data-ng-init="getAllCharacters()">


    <br /> <br />
    <p style="color: green">{{message}}</p>
    <p style="color: red">{{errorMessage}}</p>

    <br />
    <br />
    <button ng-click="getAllCharacters()" type="button" class="btn btn-default btn-sm"><span class="glyphicon glyphicon-refresh"></span>Refresh</button><br />
    <br />
    <table class="table table-bordered">
        <thead>
        <tr>
            <th>Name</th>
            <th>Gender</th>
            <th>Eye Color</th>
            <th>Birth Year</th>
        </tr>
        </thead>
        <tbody>
        <!-- ng-click="goToDetails(char) -->
        <tr    ng-repeat="character in characters"  ng-click="goToDetails(character)">
            <td>{{character.name}}  <span ng-if="character.favourite=='1'" class="glyphicon glyphicon-heart heart fa fa-heart-o"></span> </td>
            <td>{{character.gender}}</td>
            <td>{{character.eye_color}}</td>
            <td>{{character.birth_year}}</td>
        </tr>
        </tbody>
    </table>

</div>
</div>
</body>

</html>
    Forwarded URL = null
   Redirected URL = null
          Cookies = []

MockHttpServletRequest:
      HTTP Method = GET
      Request URI = /greeting
       Parameters = {name=[Greg]}
          Headers = {}
             Body = <no character encoding set>
    Session Attrs = {}

Handler:
             Type = org.springframework.web.servlet.resource.ResourceHttpRequestHandler

Async:
    Async started = false
     Async result = null

Resolved Exception:
             Type = null

ModelAndView:
        View name = null
             View = null
            Model = null

FlashMap:
       Attributes = null

MockHttpServletResponse:
           Status = 404
    Error message = null
          Headers = {}
     Content type = null
             Body = 
    Forwarded URL = null
   Redirected URL = null
          Cookies = []
]]></system-out>
  </testcase>
  <testcase name="greeting" classname="Controllers.ApplicationTest" time="0.024">
    <failure message="Response content&#10;Expected: a string containing &quot;Hello, World!&quot;&#10;     but: was &quot;&quot;" type="java.lang.AssertionError">java.lang.AssertionError: 
Response content
Expected: a string containing "Hello, World!"
     but: was ""
	at Controllers.ApplicationTest.greeting(ApplicationTest.java:47)
</failure>
    <system-out><![CDATA[
MockHttpServletRequest:
      HTTP Method = GET
      Request URI = /index.html
       Parameters = {}
          Headers = {}
             Body = <no character encoding set>
    Session Attrs = {}

Handler:
             Type = org.springframework.web.servlet.resource.ResourceHttpRequestHandler

Async:
    Async started = false
     Async result = null

Resolved Exception:
             Type = null

ModelAndView:
        View name = null
             View = null
            Model = null

FlashMap:
       Attributes = null

MockHttpServletResponse:
           Status = 200
    Error message = null
          Headers = {Last-Modified=[Tue, 29 Jan 2019 20:48:11 GMT], Content-Length=[1969], Content-Type=[text/html], Accept-Ranges=[bytes]}
     Content type = text/html
             Body = <!DOCTYPE HTML>
<html ng-app="app">
<head>
    <title>Star Wars Characters</title>
    <meta http-equiv="Content-Type" content="text/html; charset=UTF-8"/>
    <script src="https://ajax.googleapis.com/ajax/libs/jquery/1.10.2/jquery.min.js"></script>
    <script
            src="https://ajax.googleapis.com/ajax/libs/angularjs/1.5.6/angular.min.js">
    </script>

    <script src="js/app.js"></script>
    <link href="http://netdna.bootstrapcdn.com/bootstrap/3.1.0/css/bootstrap.min.css" rel="stylesheet">
    <!-- <script src="https://ajax.googleapis.com/ajax/libs/jquery/3.3.1/jquery.min.js"></script>-->
    <script src="http://netdna.bootstrapcdn.com/bootstrap/3.1.0/js/bootstrap.min.js"></script>

    <style>
        tr:hover{
            cursor: pointer;
        }
        .heart {
            color:red;
        }
    </style>
</head>
<body>
<div class="container">
<div ng-controller="StarWarsCRUDCtrl" data-ng-init="getAllCharacters()">


    <br /> <br />
    <p style="color: green">{{message}}</p>
    <p style="color: red">{{errorMessage}}</p>

    <br />
    <br />
    <button ng-click="getAllCharacters()" type="button" class="btn btn-default btn-sm"><span class="glyphicon glyphicon-refresh"></span>Refresh</button><br />
    <br />
    <table class="table table-bordered">
        <thead>
        <tr>
            <th>Name</th>
            <th>Gender</th>
            <th>Eye Color</th>
            <th>Birth Year</th>
        </tr>
        </thead>
        <tbody>
        <!-- ng-click="goToDetails(char) -->
        <tr    ng-repeat="character in characters"  ng-click="goToDetails(character)">
            <td>{{character.name}}  <span ng-if="character.favourite=='1'" class="glyphicon glyphicon-heart heart fa fa-heart-o"></span> </td>
            <td>{{character.gender}}</td>
            <td>{{character.eye_color}}</td>
            <td>{{character.birth_year}}</td>
        </tr>
        </tbody>
    </table>

</div>
</div>
</body>

</html>
    Forwarded URL = null
   Redirected URL = null
          Cookies = []

MockHttpServletRequest:
      HTTP Method = GET
      Request URI = /greeting
       Parameters = {name=[Greg]}
          Headers = {}
             Body = <no character encoding set>
    Session Attrs = {}

Handler:
             Type = org.springframework.web.servlet.resource.ResourceHttpRequestHandler

Async:
    Async started = false
     Async result = null

Resolved Exception:
             Type = null

ModelAndView:
        View name = null
             View = null
            Model = null

FlashMap:
       Attributes = null

MockHttpServletResponse:
           Status = 404
    Error message = null
          Headers = {}
     Content type = null
             Body = 
    Forwarded URL = null
   Redirected URL = null
          Cookies = []

MockHttpServletRequest:
      HTTP Method = GET
      Request URI = /greeting
       Parameters = {}
          Headers = {}
             Body = <no character encoding set>
    Session Attrs = {}

Handler:
             Type = org.springframework.web.servlet.resource.ResourceHttpRequestHandler

Async:
    Async started = false
     Async result = null

Resolved Exception:
             Type = null

ModelAndView:
        View name = null
             View = null
            Model = null

FlashMap:
       Attributes = null

MockHttpServletResponse:
           Status = 404
    Error message = null
          Headers = {}
     Content type = null
             Body = 
    Forwarded URL = null
   Redirected URL = null
          Cookies = []
]]></system-out>
  </testcase>
</testsuite>